#
# There is insufficient memory for the Java Runtime Environment to continue.
# Native memory allocation (mmap) failed to map 383778816 bytes for G1 virtual space
# Possible reasons:
#   The system is out of physical RAM or swap space
#   The process is running with CompressedOops enabled, and the Java Heap may be blocking the growth of the native heap
# Possible solutions:
#   Reduce memory load on the system
#   Increase physical memory or swap space
#   Check if swap backing store is full
#   Decrease Java heap size (-Xmx/-Xms)
#   Decrease number of Java threads
#   Decrease Java thread stack sizes (-Xss)
#   Set larger code cache with -XX:ReservedCodeCacheSize=
#   JVM is running with Unscaled Compressed Oops mode in which the Java heap is
#     placed in the first 4GB address space. The Java Heap base address is the
#     maximum limit for the native heap growth. Please use -XX:HeapBaseMinAddress
#     to set the Java Heap base and to place the Java Heap above 4GB virtual address.
# This output file may be truncated or incomplete.
#
#  Out of Memory Error (os_windows.cpp:3771), pid=14340, tid=19092
#
# JRE version: OpenJDK Runtime Environment (17.0.7) (build 17.0.7+0-b2043.56-10550314)
# Java VM: OpenJDK 64-Bit Server VM (17.0.7+0-b2043.56-10550314, mixed mode, tiered, compressed oops, compressed class ptrs, g1 gc, windows-amd64)
# No core dump will be written. Minidumps are not enabled by default on client versions of Windows
#

---------------  S U M M A R Y ------------

Command Line: --add-opens=java.base/java.lang=ALL-UNNAMED --add-opens=java.base/java.lang.invoke=ALL-UNNAMED --add-opens=java.base/java.util=ALL-UNNAMED --add-opens=java.prefs/java.util.prefs=ALL-UNNAMED --add-exports=jdk.compiler/com.sun.tools.javac.api=ALL-UNNAMED --add-exports=jdk.compiler/com.sun.tools.javac.util=ALL-UNNAMED --add-opens=java.base/java.util=ALL-UNNAMED --add-opens=java.prefs/java.util.prefs=ALL-UNNAMED --add-opens=java.base/java.nio.charset=ALL-UNNAMED --add-opens=java.base/java.net=ALL-UNNAMED --add-opens=java.base/java.util.concurrent.atomic=ALL-UNNAMED --add-opens=java.xml/javax.xml.namespace=ALL-UNNAMED -XX:MaxMetaspaceSize=512m -Xmx2048m -Dfile.encoding=windows-1252 -Duser.country=US -Duser.language=en -Duser.variant -javaagent:C:\Users\Admin\.gradle\wrapper\dists\gradle-8.12-all\ejduaidbjup3bmmkhw3rie4zb\gradle-8.12\lib\agents\gradle-instrumentation-agent-8.12.jar org.gradle.launcher.daemon.bootstrap.GradleDaemon 8.12

Host: Intel(R) Core(TM) i5-8400 CPU @ 2.80GHz, 6 cores, 7G,  Windows 10 , 64 bit Build 19041 (10.0.19041.5438)
Time: Fri Apr  4 13:26:16 2025 India Standard Time elapsed time: 110.856150 seconds (0d 0h 1m 50s)

---------------  T H R E A D  ---------------

Current thread (0x0000027e30df9560):  VMThread "VM Thread" [stack: 0x000000bb0bf00000,0x000000bb0c000000] [id=19092]

Stack: [0x000000bb0bf00000,0x000000bb0c000000]
Native frames: (J=compiled Java code, j=interpreted, Vv=VM code, C=native code)
V  [jvm.dll+0x683bfa]
V  [jvm.dll+0x8430a4]
V  [jvm.dll+0x8449be]
V  [jvm.dll+0x845023]
V  [jvm.dll+0x24ad2f]
V  [jvm.dll+0x680ac9]
V  [jvm.dll+0x67519a]
V  [jvm.dll+0x30b3cb]
V  [jvm.dll+0x312876]
V  [jvm.dll+0x36221e]
V  [jvm.dll+0x36244f]
V  [jvm.dll+0x2e14a8]
V  [jvm.dll+0x2df684]
V  [jvm.dll+0x2dec8c]
V  [jvm.dll+0x32382b]
V  [jvm.dll+0x8496eb]
V  [jvm.dll+0x84a424]
V  [jvm.dll+0x84a93d]
V  [jvm.dll+0x84ad14]
V  [jvm.dll+0x84ade0]
V  [jvm.dll+0x7f2aea]
V  [jvm.dll+0x682a35]
C  [ucrtbase.dll+0x21bb2]
C  [KERNEL32.DLL+0x17374]
C  [ntdll.dll+0x4cc91]

VM_Operation (0x000000bb0f9fa690): G1CollectForAllocation, mode: safepoint, requested by thread 0x0000027e38edb760


---------------  P R O C E S S  ---------------

Threads class SMR info:
_java_thread_list=0x0000027e3975c4b0, length=54, elements={
0x0000027e173f4e90, 0x0000027e30dfe930, 0x0000027e30dff6b0, 0x0000027e30e3dd50,
0x0000027e30e3e870, 0x0000027e35127bb0, 0x0000027e35128470, 0x0000027e3513f2a0,
0x0000027e35140340, 0x0000027e351413e0, 0x0000027e30d99560, 0x0000027e35378de0,
0x0000027e36ca7410, 0x0000027e36ca6ca0, 0x0000027e369b37d0, 0x0000027e35a6bc50,
0x0000027e36a8b2d0, 0x0000027e36a8bb10, 0x0000027e35cddb20, 0x0000027e35cde4c0,
0x0000027e35cdd650, 0x0000027e35cdee60, 0x0000027e35cde990, 0x0000027e35cdd180,
0x0000027e35cdc7e0, 0x0000027e35cddff0, 0x0000027e35cdf800, 0x0000027e35cdbe40,
0x0000027e35cdc310, 0x0000027e36083400, 0x0000027e36082a60, 0x0000027e360850e0,
0x0000027e36081bf0, 0x0000027e3607e700, 0x0000027e36082590, 0x0000027e36081720,
0x0000027e3607fa40, 0x0000027e36081250, 0x0000027e360808b0, 0x0000027e36083da0,
0x0000027e3607e230, 0x0000027e360820c0, 0x0000027e36084c10, 0x0000027e3607f0a0,
0x0000027e360803e0, 0x0000027e3607ff10, 0x0000027e35cdccb0, 0x0000027e38eddde0,
0x0000027e38eda420, 0x0000027e38edec50, 0x0000027e38edb760, 0x0000027e38eda8f0,
0x0000027e39712e70, 0x0000027e386678f0
}

Java Threads: ( => current thread )
  0x0000027e173f4e90 JavaThread "main" [_thread_blocked, id=18972, stack(0x000000bb0b900000,0x000000bb0ba00000)]
  0x0000027e30dfe930 JavaThread "Reference Handler" daemon [_thread_blocked, id=17316, stack(0x000000bb0c000000,0x000000bb0c100000)]
  0x0000027e30dff6b0 JavaThread "Finalizer" daemon [_thread_blocked, id=17896, stack(0x000000bb0c100000,0x000000bb0c200000)]
  0x0000027e30e3dd50 JavaThread "Signal Dispatcher" daemon [_thread_blocked, id=19384, stack(0x000000bb0c200000,0x000000bb0c300000)]
  0x0000027e30e3e870 JavaThread "Attach Listener" daemon [_thread_blocked, id=20248, stack(0x000000bb0c300000,0x000000bb0c400000)]
  0x0000027e35127bb0 JavaThread "Service Thread" daemon [_thread_blocked, id=20640, stack(0x000000bb0c400000,0x000000bb0c500000)]
  0x0000027e35128470 JavaThread "Monitor Deflation Thread" daemon [_thread_blocked, id=10344, stack(0x000000bb0c500000,0x000000bb0c600000)]
  0x0000027e3513f2a0 JavaThread "C2 CompilerThread0" daemon [_thread_blocked, id=5676, stack(0x000000bb0c600000,0x000000bb0c700000)]
  0x0000027e35140340 JavaThread "C1 CompilerThread0" daemon [_thread_blocked, id=16124, stack(0x000000bb0c700000,0x000000bb0c800000)]
  0x0000027e351413e0 JavaThread "Sweeper thread" daemon [_thread_blocked, id=9192, stack(0x000000bb0c800000,0x000000bb0c900000)]
  0x0000027e30d99560 JavaThread "Common-Cleaner" daemon [_thread_blocked, id=3880, stack(0x000000bb0c900000,0x000000bb0ca00000)]
  0x0000027e35378de0 JavaThread "Notification Thread" daemon [_thread_blocked, id=21424, stack(0x000000bb0ca00000,0x000000bb0cb00000)]
  0x0000027e36ca7410 JavaThread "Daemon health stats" [_thread_blocked, id=6760, stack(0x000000bb0d100000,0x000000bb0d200000)]
  0x0000027e36ca6ca0 JavaThread "Incoming local TCP Connector on port 65409" [_thread_in_native, id=10644, stack(0x000000bb0d200000,0x000000bb0d300000)]
  0x0000027e369b37d0 JavaThread "Daemon periodic checks" [_thread_blocked, id=15056, stack(0x000000bb0d300000,0x000000bb0d400000)]
  0x0000027e35a6bc50 JavaThread "Daemon" [_thread_blocked, id=6212, stack(0x000000bb0d400000,0x000000bb0d500000)]
  0x0000027e36a8b2d0 JavaThread "Handler for socket connection from /127.0.0.1:65409 to /127.0.0.1:65410" [_thread_in_native, id=18408, stack(0x000000bb0d500000,0x000000bb0d600000)]
  0x0000027e36a8bb10 JavaThread "Cancel handler" [_thread_blocked, id=18232, stack(0x000000bb0d600000,0x000000bb0d700000)]
  0x0000027e35cddb20 JavaThread "Daemon worker" [_thread_blocked, id=5796, stack(0x000000bb0d700000,0x000000bb0d800000)]
  0x0000027e35cde4c0 JavaThread "Asynchronous log dispatcher for DefaultDaemonConnection: socket connection from /127.0.0.1:65409 to /127.0.0.1:65410" [_thread_blocked, id=18844, stack(0x000000bb0d800000,0x000000bb0d900000)]
  0x0000027e35cdd650 JavaThread "Stdin handler" [_thread_blocked, id=19704, stack(0x000000bb0d900000,0x000000bb0da00000)]
  0x0000027e35cdee60 JavaThread "Daemon client event forwarder" [_thread_blocked, id=1812, stack(0x000000bb0da00000,0x000000bb0db00000)]
  0x0000027e35cde990 JavaThread "Cache worker for journal cache (C:\Users\Admin\.gradle\caches\journal-1)" [_thread_blocked, id=16072, stack(0x000000bb0dd00000,0x000000bb0de00000)]
  0x0000027e35cdd180 JavaThread "File lock request listener" [_thread_in_native, id=8852, stack(0x000000bb0de00000,0x000000bb0df00000)]
  0x0000027e35cdc7e0 JavaThread "Cache worker for file hash cache (C:\Users\Admin\.gradle\caches\8.12\fileHashes)" [_thread_blocked, id=6296, stack(0x000000bb0df00000,0x000000bb0e000000)]
  0x0000027e35cddff0 JavaThread "Cache worker for file hash cache (E:\All React Project\React Js\PUAD_MAIN_APP\android\.gradle\8.12\fileHashes)" [_thread_blocked, id=16956, stack(0x000000bb0e000000,0x000000bb0e100000)]
  0x0000027e35cdf800 JavaThread "Cache worker for Build Output Cleanup Cache (E:\All React Project\React Js\PUAD_MAIN_APP\android\.gradle\buildOutputCleanup)" [_thread_blocked, id=7292, stack(0x000000bb0e100000,0x000000bb0e200000)]
  0x0000027e35cdbe40 JavaThread "File watcher server" daemon [_thread_in_native, id=11356, stack(0x000000bb0e200000,0x000000bb0e300000)]
  0x0000027e35cdc310 JavaThread "File watcher consumer" daemon [_thread_blocked, id=18396, stack(0x000000bb0e300000,0x000000bb0e400000)]
  0x0000027e36083400 JavaThread "jar transforms" [_thread_blocked, id=19348, stack(0x000000bb0e400000,0x000000bb0e500000)]
  0x0000027e36082a60 JavaThread "jar transforms Thread 2" [_thread_blocked, id=20540, stack(0x000000bb0e500000,0x000000bb0e600000)]
  0x0000027e360850e0 JavaThread "jar transforms Thread 3" [_thread_blocked, id=19116, stack(0x000000bb0e600000,0x000000bb0e700000)]
  0x0000027e36081bf0 JavaThread "jar transforms Thread 4" [_thread_blocked, id=18548, stack(0x000000bb0e700000,0x000000bb0e800000)]
  0x0000027e3607e700 JavaThread "jar transforms Thread 5" [_thread_blocked, id=6092, stack(0x000000bb0e800000,0x000000bb0e900000)]
  0x0000027e36082590 JavaThread "jar transforms Thread 6" [_thread_blocked, id=10408, stack(0x000000bb0e900000,0x000000bb0ea00000)]
  0x0000027e36081720 JavaThread "Cache worker for checksums cache (E:\All React Project\React Js\PUAD_MAIN_APP\android\.gradle\8.12\checksums)" [_thread_blocked, id=13108, stack(0x000000bb0b700000,0x000000bb0b800000)]
  0x0000027e3607fa40 JavaThread "Cache worker for file content cache (C:\Users\Admin\.gradle\caches\8.12\fileContent)" [_thread_blocked, id=14956, stack(0x000000bb0b800000,0x000000bb0b900000)]
  0x0000027e36081250 JavaThread "Cache worker for cache directory md-rule (C:\Users\Admin\.gradle\caches\8.12\md-rule)" [_thread_blocked, id=16284, stack(0x000000bb0ec00000,0x000000bb0ed00000)]
  0x0000027e360808b0 JavaThread "Cache worker for cache directory md-supplier (C:\Users\Admin\.gradle\caches\8.12\md-supplier)" [_thread_blocked, id=9872, stack(0x000000bb0ed00000,0x000000bb0ee00000)]
  0x0000027e36083da0 JavaThread "Unconstrained build operations" [_thread_blocked, id=16960, stack(0x000000bb0ee00000,0x000000bb0ef00000)]
  0x0000027e3607e230 JavaThread "Unconstrained build operations Thread 2" [_thread_blocked, id=9664, stack(0x000000bb0ef00000,0x000000bb0f000000)]
  0x0000027e360820c0 JavaThread "Unconstrained build operations Thread 3" [_thread_blocked, id=10784, stack(0x000000bb0b600000,0x000000bb0b700000)]
  0x0000027e36084c10 JavaThread "Unconstrained build operations Thread 4" [_thread_blocked, id=7208, stack(0x000000bb0f000000,0x000000bb0f100000)]
  0x0000027e3607f0a0 JavaThread "Unconstrained build operations Thread 5" [_thread_blocked, id=11816, stack(0x000000bb0f300000,0x000000bb0f400000)]
  0x0000027e360803e0 JavaThread "Unconstrained build operations Thread 6" [_thread_blocked, id=16672, stack(0x000000bb0f400000,0x000000bb0f500000)]
  0x0000027e3607ff10 JavaThread "Unconstrained build operations Thread 7" [_thread_blocked, id=1524, stack(0x000000bb0f500000,0x000000bb0f600000)]
  0x0000027e35cdccb0 JavaThread "Unconstrained build operations Thread 8" [_thread_blocked, id=13392, stack(0x000000bb0f600000,0x000000bb0f700000)]
  0x0000027e38eddde0 JavaThread "Unconstrained build operations Thread 9" [_thread_blocked, id=7260, stack(0x000000bb0f700000,0x000000bb0f800000)]
  0x0000027e38eda420 JavaThread "Unconstrained build operations Thread 10" [_thread_blocked, id=9996, stack(0x000000bb0f100000,0x000000bb0f200000)]
  0x0000027e38edec50 JavaThread "Unconstrained build operations Thread 11" [_thread_blocked, id=14872, stack(0x000000bb0f800000,0x000000bb0f900000)]
  0x0000027e38edb760 JavaThread "Unconstrained build operations Thread 12" [_thread_blocked, id=7212, stack(0x000000bb0f900000,0x000000bb0fa00000)]
  0x0000027e38eda8f0 JavaThread "Unconstrained build operations Thread 13" [_thread_blocked, id=5684, stack(0x000000bb0fa00000,0x000000bb0fb00000)]
  0x0000027e39712e70 JavaThread "Unconstrained build operations Thread 14" [_thread_blocked, id=17440, stack(0x000000bb0fb00000,0x000000bb0fc00000)]
  0x0000027e386678f0 JavaThread "C2 CompilerThread1" daemon [_thread_blocked, id=9924, stack(0x000000bb0fc00000,0x000000bb0fd00000)]

Other Threads:
=>0x0000027e30df9560 VMThread "VM Thread" [stack: 0x000000bb0bf00000,0x000000bb0c000000] [id=19092]
  0x0000027e173f59b0 WatcherThread [stack: 0x000000bb0cb00000,0x000000bb0cc00000] [id=20760]
  0x0000027e174536f0 GCTaskThread "GC Thread#0" [stack: 0x000000bb0ba00000,0x000000bb0bb00000] [id=21172]
  0x0000027e35766f60 GCTaskThread "GC Thread#1" [stack: 0x000000bb0cc00000,0x000000bb0cd00000] [id=10564]
  0x0000027e35767210 GCTaskThread "GC Thread#2" [stack: 0x000000bb0cd00000,0x000000bb0ce00000] [id=13028]
  0x0000027e35cfecc0 GCTaskThread "GC Thread#3" [stack: 0x000000bb0ce00000,0x000000bb0cf00000] [id=11004]
  0x0000027e36603ec0 GCTaskThread "GC Thread#4" [stack: 0x000000bb0cf00000,0x000000bb0d000000] [id=21012]
  0x0000027e37120560 GCTaskThread "GC Thread#5" [stack: 0x000000bb0db00000,0x000000bb0dc00000] [id=6432]
  0x0000027e17464540 ConcurrentGCThread "G1 Main Marker" [stack: 0x000000bb0bb00000,0x000000bb0bc00000] [id=8684]
  0x0000027e17465600 ConcurrentGCThread "G1 Conc#0" [stack: 0x000000bb0bc00000,0x000000bb0bd00000] [id=16680]
  0x0000027e37120810 ConcurrentGCThread "G1 Conc#1" [stack: 0x000000bb0dc00000,0x000000bb0dd00000] [id=14936]
  0x0000027e174b32c0 ConcurrentGCThread "G1 Refine#0" [stack: 0x000000bb0bd00000,0x000000bb0be00000] [id=15920]
  0x0000027e35564920 ConcurrentGCThread "G1 Refine#1" [stack: 0x000000bb0d000000,0x000000bb0d100000] [id=10152]
  0x0000027e35fea380 ConcurrentGCThread "G1 Refine#2" [stack: 0x000000bb0f200000,0x000000bb0f300000] [id=12796]
  0x0000027e174b3bf0 ConcurrentGCThread "G1 Service" [stack: 0x000000bb0be00000,0x000000bb0bf00000] [id=13292]

Threads with active compile tasks:
C2 CompilerThread0   110909 8502       4       org.objectweb.asm.ClassReader::readField (675 bytes)
C2 CompilerThread1   110909 8529 %     4       org.objectweb.asm.ClassReader::readCode @ 2037 (5117 bytes)

VM state: at safepoint (normal execution)

VM Mutex/Monitor currently owned by a thread:  ([mutex/lock_event])
[0x0000027e173f10f0] Threads_lock - owner thread: 0x0000027e30df9560
[0x0000027e173efa70] Heap_lock - owner thread: 0x0000027e38edb760

Heap address: 0x0000000080000000, size: 2048 MB, Compressed Oops mode: 32-bit

CDS archive(s) not mapped
Compressed class space mapped at: 0x0000000100000000-0x000000011a000000, reserved size: 436207616
Narrow klass base: 0x0000000000000000, Narrow klass shift: 3, Narrow klass range: 0x11a000000

GC Precious Log:
 CPUs: 6 total, 6 available
 Memory: 8054M
 Large Page Support: Disabled
 NUMA Support: Disabled
 Compressed Oops: Enabled (32-bit)
 Heap Region Size: 1M
 Heap Min Capacity: 8M
 Heap Initial Capacity: 126M
 Heap Max Capacity: 2G
 Pre-touch: Disabled
 Parallel Workers: 6
 Concurrent Workers: 2
 Concurrent Refinement Workers: 6
 Periodic GC: Disabled

Heap:
 garbage-first heap   total 312320K, used 146564K [0x0000000080000000, 0x0000000100000000)
  region size 1024K, 2 young (2048K), 2 survivors (2048K)
 Metaspace       used 61083K, committed 61632K, reserved 491520K
  class space    used 8282K, committed 8576K, reserved 425984K

Heap Regions: E=young(eden), S=young(survivor), O=old, HS=humongous(starts), HC=humongous(continues), CS=collection set, F=free, OA=open archive, CA=closed archive, TAMS=top-at-mark-start (previous, next)
|   0|0x0000000080000000, 0x0000000080100000, 0x0000000080100000|100%|HS|  |TAMS 0x0000000080100000, 0x0000000080000000| Complete 
|   1|0x0000000080100000, 0x0000000080200000, 0x0000000080200000|100%|HC|  |TAMS 0x0000000080200000, 0x0000000080100000| Complete 
|   2|0x0000000080200000, 0x0000000080300000, 0x0000000080300000|100%|HC|  |TAMS 0x0000000080300000, 0x0000000080200000| Complete 
|   3|0x0000000080300000, 0x0000000080400000, 0x0000000080400000|100%| O|  |TAMS 0x0000000080400000, 0x0000000080300000| Untracked 
|   4|0x0000000080400000, 0x0000000080500000, 0x0000000080500000|100%| O|  |TAMS 0x0000000080500000, 0x0000000080400000| Untracked 
|   5|0x0000000080500000, 0x0000000080600000, 0x0000000080600000|100%| O|  |TAMS 0x0000000080600000, 0x0000000080500000| Untracked 
|   6|0x0000000080600000, 0x0000000080700000, 0x0000000080700000|100%|HS|  |TAMS 0x0000000080700000, 0x0000000080600000| Complete 
|   7|0x0000000080700000, 0x0000000080800000, 0x0000000080800000|100%| O|  |TAMS 0x0000000080800000, 0x0000000080700000| Untracked 
|   8|0x0000000080800000, 0x0000000080900000, 0x0000000080900000|100%| O|  |TAMS 0x0000000080900000, 0x0000000080800000| Untracked 
|   9|0x0000000080900000, 0x0000000080a00000, 0x0000000080a00000|100%| O|  |TAMS 0x0000000080a00000, 0x0000000080900000| Untracked 
|  10|0x0000000080a00000, 0x0000000080b00000, 0x0000000080b00000|100%| O|  |TAMS 0x0000000080b00000, 0x0000000080a00000| Untracked 
|  11|0x0000000080b00000, 0x0000000080c00000, 0x0000000080c00000|100%| O|  |TAMS 0x0000000080c00000, 0x0000000080b00000| Untracked 
|  12|0x0000000080c00000, 0x0000000080d00000, 0x0000000080d00000|100%| O|  |TAMS 0x0000000080d00000, 0x0000000080c00000| Untracked 
|  13|0x0000000080d00000, 0x0000000080e00000, 0x0000000080e00000|100%| O|  |TAMS 0x0000000080e00000, 0x0000000080d00000| Untracked 
|  14|0x0000000080e00000, 0x0000000080f00000, 0x0000000080f00000|100%| O|  |TAMS 0x0000000080f00000, 0x0000000080e00000| Untracked 
|  15|0x0000000080f00000, 0x0000000081000000, 0x0000000081000000|100%| O|  |TAMS 0x0000000081000000, 0x0000000080f00000| Untracked 
|  16|0x0000000081000000, 0x0000000081100000, 0x0000000081100000|100%| O|  |TAMS 0x0000000081100000, 0x0000000081000000| Untracked 
|  17|0x0000000081100000, 0x0000000081200000, 0x0000000081200000|100%| O|  |TAMS 0x0000000081200000, 0x0000000081100000| Untracked 
|  18|0x0000000081200000, 0x0000000081300000, 0x0000000081300000|100%| O|  |TAMS 0x0000000081300000, 0x0000000081200000| Untracked 
|  19|0x0000000081300000, 0x0000000081400000, 0x0000000081400000|100%| O|  |TAMS 0x0000000081400000, 0x0000000081300000| Untracked 
|  20|0x0000000081400000, 0x0000000081500000, 0x0000000081500000|100%| O|  |TAMS 0x0000000081500000, 0x0000000081400000| Untracked 
|  21|0x0000000081500000, 0x0000000081600000, 0x0000000081600000|100%| O|  |TAMS 0x0000000081600000, 0x0000000081500000| Untracked 
|  22|0x0000000081600000, 0x0000000081700000, 0x0000000081700000|100%|HS|  |TAMS 0x0000000081700000, 0x0000000081600000| Complete 
|  23|0x0000000081700000, 0x0000000081800000, 0x0000000081800000|100%|HC|  |TAMS 0x0000000081800000, 0x0000000081700000| Complete 
|  24|0x0000000081800000, 0x0000000081900000, 0x0000000081900000|100%|HS|  |TAMS 0x0000000081900000, 0x0000000081800000| Complete 
|  25|0x0000000081900000, 0x0000000081a00000, 0x0000000081a00000|100%|HC|  |TAMS 0x0000000081a00000, 0x0000000081900000| Complete 
|  26|0x0000000081a00000, 0x0000000081b00000, 0x0000000081b00000|100%|HC|  |TAMS 0x0000000081b00000, 0x0000000081a00000| Complete 
|  27|0x0000000081b00000, 0x0000000081c00000, 0x0000000081c00000|100%|HS|  |TAMS 0x0000000081c00000, 0x0000000081b00000| Complete 
|  28|0x0000000081c00000, 0x0000000081d00000, 0x0000000081d00000|100%|HC|  |TAMS 0x0000000081d00000, 0x0000000081c00000| Complete 
|  29|0x0000000081d00000, 0x0000000081e00000, 0x0000000081e00000|100%|HS|  |TAMS 0x0000000081e00000, 0x0000000081d00000| Complete 
|  30|0x0000000081e00000, 0x0000000081f00000, 0x0000000081f00000|100%|HC|  |TAMS 0x0000000081f00000, 0x0000000081e00000| Complete 
|  31|0x0000000081f00000, 0x0000000082000000, 0x0000000082000000|100%| O|  |TAMS 0x0000000082000000, 0x0000000081f00000| Untracked 
|  32|0x0000000082000000, 0x0000000082100000, 0x0000000082100000|100%| O|  |TAMS 0x0000000082100000, 0x0000000082000000| Untracked 
|  33|0x0000000082100000, 0x0000000082200000, 0x0000000082200000|100%| O|  |TAMS 0x0000000082200000, 0x0000000082100000| Untracked 
|  34|0x0000000082200000, 0x0000000082300000, 0x0000000082300000|100%| O|  |TAMS 0x0000000082300000, 0x0000000082200000| Untracked 
|  35|0x0000000082300000, 0x0000000082400000, 0x0000000082400000|100%| O|  |TAMS 0x0000000082400000, 0x0000000082300000| Untracked 
|  36|0x0000000082400000, 0x0000000082500000, 0x0000000082500000|100%| O|  |TAMS 0x0000000082500000, 0x0000000082400000| Untracked 
|  37|0x0000000082500000, 0x0000000082600000, 0x0000000082600000|100%| O|  |TAMS 0x0000000082600000, 0x0000000082500000| Untracked 
|  38|0x0000000082600000, 0x0000000082700000, 0x0000000082700000|100%| O|  |TAMS 0x0000000082700000, 0x0000000082600000| Untracked 
|  39|0x0000000082700000, 0x0000000082800000, 0x0000000082800000|100%| O|  |TAMS 0x0000000082800000, 0x0000000082700000| Untracked 
|  40|0x0000000082800000, 0x0000000082900000, 0x0000000082900000|100%|HS|  |TAMS 0x0000000082900000, 0x0000000082800000| Complete 
|  41|0x0000000082900000, 0x0000000082a00000, 0x0000000082a00000|100%|HC|  |TAMS 0x0000000082a00000, 0x0000000082900000| Complete 
|  42|0x0000000082a00000, 0x0000000082b00000, 0x0000000082b00000|100%|HC|  |TAMS 0x0000000082b00000, 0x0000000082a00000| Complete 
|  43|0x0000000082b00000, 0x0000000082c00000, 0x0000000082c00000|100%|HC|  |TAMS 0x0000000082c00000, 0x0000000082b00000| Complete 
|  44|0x0000000082c00000, 0x0000000082d00000, 0x0000000082d00000|100%|HC|  |TAMS 0x0000000082d00000, 0x0000000082c00000| Complete 
|  45|0x0000000082d00000, 0x0000000082e00000, 0x0000000082e00000|100%|HC|  |TAMS 0x0000000082e00000, 0x0000000082d00000| Complete 
|  46|0x0000000082e00000, 0x0000000082f00000, 0x0000000082f00000|100%|HC|  |TAMS 0x0000000082f00000, 0x0000000082e00000| Complete 
|  47|0x0000000082f00000, 0x0000000083000000, 0x0000000083000000|100%|HC|  |TAMS 0x0000000083000000, 0x0000000082f00000| Complete 
|  48|0x0000000083000000, 0x0000000083100000, 0x0000000083100000|100%|HC|  |TAMS 0x0000000083100000, 0x0000000083000000| Complete 
|  49|0x0000000083100000, 0x0000000083200000, 0x0000000083200000|100%|HC|  |TAMS 0x0000000083200000, 0x0000000083100000| Complete 
|  50|0x0000000083200000, 0x0000000083300000, 0x0000000083300000|100%|HC|  |TAMS 0x0000000083300000, 0x0000000083200000| Complete 
|  51|0x0000000083300000, 0x0000000083400000, 0x0000000083400000|100%|HC|  |TAMS 0x0000000083400000, 0x0000000083300000| Complete 
|  52|0x0000000083400000, 0x0000000083500000, 0x0000000083500000|100%| O|  |TAMS 0x0000000083500000, 0x0000000083400000| Untracked 
|  53|0x0000000083500000, 0x0000000083600000, 0x0000000083600000|100%| O|  |TAMS 0x0000000083600000, 0x0000000083500000| Untracked 
|  54|0x0000000083600000, 0x0000000083700000, 0x0000000083700000|100%| O|  |TAMS 0x0000000083700000, 0x0000000083600000| Untracked 
|  55|0x0000000083700000, 0x0000000083800000, 0x0000000083800000|100%| O|  |TAMS 0x0000000083800000, 0x0000000083700000| Untracked 
|  56|0x0000000083800000, 0x0000000083900000, 0x0000000083900000|100%| O|  |TAMS 0x0000000083900000, 0x0000000083800000| Untracked 
|  57|0x0000000083900000, 0x0000000083a00000, 0x0000000083a00000|100%| O|  |TAMS 0x0000000083a00000, 0x0000000083900000| Untracked 
|  58|0x0000000083a00000, 0x0000000083b00000, 0x0000000083b00000|100%| O|  |TAMS 0x0000000083b00000, 0x0000000083a00000| Untracked 
|  59|0x0000000083b00000, 0x0000000083c00000, 0x0000000083c00000|100%|HS|  |TAMS 0x0000000083c00000, 0x0000000083b00000| Complete 
|  60|0x0000000083c00000, 0x0000000083d00000, 0x0000000083d00000|100%|HC|  |TAMS 0x0000000083d00000, 0x0000000083c00000| Complete 
|  61|0x0000000083d00000, 0x0000000083e00000, 0x0000000083e00000|100%| O|  |TAMS 0x0000000083e00000, 0x0000000083d00000| Untracked 
|  62|0x0000000083e00000, 0x0000000083f00000, 0x0000000083f00000|100%| O|  |TAMS 0x0000000083f00000, 0x0000000083e00000| Untracked 
|  63|0x0000000083f00000, 0x0000000084000000, 0x0000000084000000|100%| O|  |TAMS 0x0000000084000000, 0x0000000083f00000| Untracked 
|  64|0x0000000084000000, 0x0000000084100000, 0x0000000084100000|100%| O|  |TAMS 0x0000000084100000, 0x0000000084000000| Untracked 
|  65|0x0000000084100000, 0x0000000084200000, 0x0000000084200000|100%| O|  |TAMS 0x0000000084200000, 0x0000000084100000| Untracked 
|  66|0x0000000084200000, 0x0000000084300000, 0x0000000084300000|100%| O|  |TAMS 0x0000000084300000, 0x0000000084200000| Untracked 
|  67|0x0000000084300000, 0x0000000084400000, 0x0000000084400000|100%| O|  |TAMS 0x0000000084400000, 0x0000000084300000| Untracked 
|  68|0x0000000084400000, 0x0000000084500000, 0x0000000084500000|100%| O|  |TAMS 0x0000000084500000, 0x0000000084400000| Untracked 
|  69|0x0000000084500000, 0x0000000084600000, 0x0000000084600000|100%| O|  |TAMS 0x0000000084600000, 0x0000000084500000| Untracked 
|  70|0x0000000084600000, 0x0000000084700000, 0x0000000084700000|100%| O|  |TAMS 0x0000000084700000, 0x0000000084600000| Untracked 
|  71|0x0000000084700000, 0x0000000084800000, 0x0000000084800000|100%| O|  |TAMS 0x0000000084800000, 0x0000000084700000| Untracked 
|  72|0x0000000084800000, 0x0000000084900000, 0x0000000084900000|100%| O|  |TAMS 0x0000000084900000, 0x0000000084800000| Untracked 
|  73|0x0000000084900000, 0x0000000084a00000, 0x0000000084a00000|100%| O|  |TAMS 0x0000000084a00000, 0x0000000084900000| Untracked 
|  74|0x0000000084a00000, 0x0000000084b00000, 0x0000000084b00000|100%| O|  |TAMS 0x0000000084b00000, 0x0000000084a00000| Untracked 
|  75|0x0000000084b00000, 0x0000000084c00000, 0x0000000084c00000|100%| O|  |TAMS 0x0000000084c00000, 0x0000000084b00000| Untracked 
|  76|0x0000000084c00000, 0x0000000084d00000, 0x0000000084d00000|100%| O|  |TAMS 0x0000000084d00000, 0x0000000084c00000| Untracked 
|  77|0x0000000084d00000, 0x0000000084e00000, 0x0000000084e00000|100%| O|  |TAMS 0x0000000084e00000, 0x0000000084d00000| Untracked 
|  78|0x0000000084e00000, 0x0000000084f00000, 0x0000000084f00000|100%| O|  |TAMS 0x0000000084f00000, 0x0000000084e00000| Untracked 
|  79|0x0000000084f00000, 0x0000000085000000, 0x0000000085000000|100%| O|  |TAMS 0x0000000085000000, 0x0000000084f00000| Untracked 
|  80|0x0000000085000000, 0x0000000085100000, 0x0000000085100000|100%| O|  |TAMS 0x0000000085100000, 0x0000000085000000| Untracked 
|  81|0x0000000085100000, 0x0000000085200000, 0x0000000085200000|100%| O|  |TAMS 0x0000000085200000, 0x0000000085100000| Untracked 
|  82|0x0000000085200000, 0x0000000085300000, 0x0000000085300000|100%| O|  |TAMS 0x0000000085300000, 0x0000000085200000| Untracked 
|  83|0x0000000085300000, 0x0000000085400000, 0x0000000085400000|100%| O|  |TAMS 0x0000000085400000, 0x0000000085300000| Untracked 
|  84|0x0000000085400000, 0x0000000085500000, 0x0000000085500000|100%| O|  |TAMS 0x0000000085500000, 0x0000000085400000| Untracked 
|  85|0x0000000085500000, 0x0000000085600000, 0x0000000085600000|100%| O|  |TAMS 0x0000000085600000, 0x0000000085500000| Untracked 
|  86|0x0000000085600000, 0x0000000085700000, 0x0000000085700000|100%| O|  |TAMS 0x0000000085700000, 0x0000000085600000| Untracked 
|  87|0x0000000085700000, 0x0000000085800000, 0x0000000085800000|100%| O|  |TAMS 0x0000000085800000, 0x0000000085700000| Untracked 
|  88|0x0000000085800000, 0x0000000085900000, 0x0000000085900000|100%| O|  |TAMS 0x0000000085900000, 0x0000000085800000| Untracked 
|  89|0x0000000085900000, 0x0000000085a00000, 0x0000000085a00000|100%| O|  |TAMS 0x0000000085a00000, 0x0000000085900000| Untracked 
|  90|0x0000000085a00000, 0x0000000085b00000, 0x0000000085b00000|100%| O|  |TAMS 0x0000000085b00000, 0x0000000085a00000| Untracked 
|  91|0x0000000085b00000, 0x0000000085c00000, 0x0000000085c00000|100%| O|  |TAMS 0x0000000085c00000, 0x0000000085b00000| Untracked 
|  92|0x0000000085c00000, 0x0000000085d00000, 0x0000000085d00000|100%| O|  |TAMS 0x0000000085d00000, 0x0000000085c00000| Untracked 
|  93|0x0000000085d00000, 0x0000000085e00000, 0x0000000085e00000|100%| O|  |TAMS 0x0000000085e00000, 0x0000000085d00000| Untracked 
|  94|0x0000000085e00000, 0x0000000085f00000, 0x0000000085f00000|100%| O|  |TAMS 0x0000000085f00000, 0x0000000085e00000| Untracked 
|  95|0x0000000085f00000, 0x0000000086000000, 0x0000000086000000|100%| O|  |TAMS 0x0000000086000000, 0x0000000085f00000| Untracked 
|  96|0x0000000086000000, 0x0000000086100000, 0x0000000086100000|100%| O|  |TAMS 0x0000000086100000, 0x0000000086000000| Untracked 
|  97|0x0000000086100000, 0x0000000086200000, 0x0000000086200000|100%| O|  |TAMS 0x0000000086200000, 0x0000000086100000| Untracked 
|  98|0x0000000086200000, 0x0000000086300000, 0x0000000086300000|100%| O|  |TAMS 0x0000000086300000, 0x0000000086200000| Untracked 
|  99|0x0000000086300000, 0x0000000086400000, 0x0000000086400000|100%| O|  |TAMS 0x0000000086400000, 0x0000000086300000| Untracked 
| 100|0x0000000086400000, 0x0000000086500000, 0x0000000086500000|100%| O|  |TAMS 0x0000000086500000, 0x0000000086400000| Untracked 
| 101|0x0000000086500000, 0x0000000086600000, 0x0000000086600000|100%| O|  |TAMS 0x0000000086600000, 0x0000000086500000| Untracked 
| 102|0x0000000086600000, 0x0000000086700000, 0x0000000086700000|100%| O|  |TAMS 0x0000000086700000, 0x0000000086600000| Untracked 
| 103|0x0000000086700000, 0x0000000086800000, 0x0000000086800000|100%| O|  |TAMS 0x0000000086800000, 0x0000000086700000| Untracked 
| 104|0x0000000086800000, 0x0000000086900000, 0x0000000086900000|100%| O|  |TAMS 0x0000000086900000, 0x0000000086800000| Untracked 
| 105|0x0000000086900000, 0x0000000086a00000, 0x0000000086a00000|100%| O|  |TAMS 0x0000000086a00000, 0x0000000086900000| Untracked 
| 106|0x0000000086a00000, 0x0000000086b00000, 0x0000000086b00000|100%| O|  |TAMS 0x0000000086a00000, 0x0000000086a00000| Untracked 
| 107|0x0000000086b00000, 0x0000000086c00000, 0x0000000086c00000|100%| O|  |TAMS 0x0000000086b00000, 0x0000000086b00000| Untracked 
| 108|0x0000000086c00000, 0x0000000086d00000, 0x0000000086d00000|100%| O|  |TAMS 0x0000000086d00000, 0x0000000086c00000| Untracked 
| 109|0x0000000086d00000, 0x0000000086e00000, 0x0000000086e00000|100%| O|  |TAMS 0x0000000086e00000, 0x0000000086d00000| Untracked 
| 110|0x0000000086e00000, 0x0000000086f00000, 0x0000000086f00000|100%| O|  |TAMS 0x0000000086f00000, 0x0000000086e00000| Untracked 
| 111|0x0000000086f00000, 0x0000000087000000, 0x0000000087000000|100%| O|  |TAMS 0x0000000086f00000, 0x0000000086f00000| Untracked 
| 112|0x0000000087000000, 0x0000000087100000, 0x0000000087100000|100%| O|  |TAMS 0x0000000087000000, 0x0000000087000000| Untracked 
| 113|0x0000000087100000, 0x0000000087200000, 0x0000000087200000|100%| O|  |TAMS 0x0000000087100000, 0x0000000087100000| Untracked 
| 114|0x0000000087200000, 0x0000000087300000, 0x0000000087300000|100%| O|  |TAMS 0x0000000087300000, 0x0000000087200000| Untracked 
| 115|0x0000000087300000, 0x0000000087400000, 0x0000000087400000|100%| O|  |TAMS 0x0000000087400000, 0x0000000087300000| Untracked 
| 116|0x0000000087400000, 0x0000000087500000, 0x0000000087500000|100%| O|  |TAMS 0x0000000087500000, 0x0000000087400000| Untracked 
| 117|0x0000000087500000, 0x0000000087600000, 0x0000000087600000|100%| O|  |TAMS 0x0000000087600000, 0x0000000087500000| Untracked 
| 118|0x0000000087600000, 0x0000000087600000, 0x0000000087700000|  0%| F|  |TAMS 0x0000000087600000, 0x0000000087600000| Untracked 
| 119|0x0000000087700000, 0x0000000087800000, 0x0000000087800000|100%| O|  |TAMS 0x0000000087700000, 0x0000000087700000| Untracked 
| 120|0x0000000087800000, 0x0000000087900000, 0x0000000087900000|100%| O|  |TAMS 0x0000000087800000, 0x0000000087800000| Untracked 
| 121|0x0000000087900000, 0x0000000087a00000, 0x0000000087a00000|100%| O|  |TAMS 0x0000000087900000, 0x0000000087900000| Untracked 
| 122|0x0000000087a00000, 0x0000000087b00000, 0x0000000087b00000|100%| O|  |TAMS 0x0000000087a00000, 0x0000000087a00000| Untracked 
| 123|0x0000000087b00000, 0x0000000087c00000, 0x0000000087c00000|100%| O|  |TAMS 0x0000000087b00000, 0x0000000087b00000| Untracked 
| 124|0x0000000087c00000, 0x0000000087d00000, 0x0000000087d00000|100%| O|  |TAMS 0x0000000087c00000, 0x0000000087c00000| Untracked 
| 125|0x0000000087d00000, 0x0000000087e00000, 0x0000000087e00000|100%| O|  |TAMS 0x0000000087d00000, 0x0000000087d00000| Untracked 
| 126|0x0000000087e00000, 0x0000000087f00000, 0x0000000087f00000|100%| O|  |TAMS 0x0000000087e00000, 0x0000000087e00000| Untracked 
| 127|0x0000000087f00000, 0x0000000088000000, 0x0000000088000000|100%| O|  |TAMS 0x0000000087f00000, 0x0000000087f00000| Untracked 
| 128|0x0000000088000000, 0x0000000088100000, 0x0000000088100000|100%|HS|  |TAMS 0x0000000088000000, 0x0000000088000000| Complete 
| 129|0x0000000088100000, 0x0000000088200000, 0x0000000088200000|100%|HC|  |TAMS 0x0000000088100000, 0x0000000088100000| Complete 
| 130|0x0000000088200000, 0x0000000088300000, 0x0000000088300000|100%|HC|  |TAMS 0x0000000088200000, 0x0000000088200000| Complete 
| 131|0x0000000088300000, 0x0000000088400000, 0x0000000088400000|100%| O|  |TAMS 0x0000000088300000, 0x0000000088300000| Untracked 
| 132|0x0000000088400000, 0x0000000088500000, 0x0000000088500000|100%| O|  |TAMS 0x0000000088400000, 0x0000000088400000| Untracked 
| 133|0x0000000088500000, 0x0000000088600000, 0x0000000088600000|100%| O|  |TAMS 0x0000000088500000, 0x0000000088500000| Untracked 
| 134|0x0000000088600000, 0x0000000088700000, 0x0000000088700000|100%| O|  |TAMS 0x0000000088600000, 0x0000000088600000| Untracked 
| 135|0x0000000088700000, 0x0000000088800000, 0x0000000088800000|100%| O|  |TAMS 0x0000000088700000, 0x0000000088700000| Untracked 
| 136|0x0000000088800000, 0x0000000088900000, 0x0000000088900000|100%| O|  |TAMS 0x0000000088800000, 0x0000000088800000| Untracked 
| 137|0x0000000088900000, 0x0000000088a00000, 0x0000000088a00000|100%| O|  |TAMS 0x0000000088900000, 0x0000000088900000| Untracked 
| 138|0x0000000088a00000, 0x0000000088b00000, 0x0000000088b00000|100%| O|  |TAMS 0x0000000088a00000, 0x0000000088a00000| Untracked 
| 139|0x0000000088b00000, 0x0000000088c00000, 0x0000000088c00000|100%| O|  |TAMS 0x0000000088b00000, 0x0000000088b00000| Untracked 
| 140|0x0000000088c00000, 0x0000000088d00000, 0x0000000088d00000|100%| O|  |TAMS 0x0000000088c00000, 0x0000000088c00000| Untracked 
| 141|0x0000000088d00000, 0x0000000088e00000, 0x0000000088e00000|100%| O|  |TAMS 0x0000000088d00000, 0x0000000088d00000| Untracked 
| 142|0x0000000088e00000, 0x0000000088ec4e08, 0x0000000088f00000| 76%| O|  |TAMS 0x0000000088e00000, 0x0000000088e00000| Untracked 
| 143|0x0000000088f00000, 0x0000000088f00000, 0x0000000089000000|  0%| F|  |TAMS 0x0000000088f00000, 0x0000000088f00000| Untracked 
| 144|0x0000000089000000, 0x0000000089000000, 0x0000000089100000|  0%| F|  |TAMS 0x0000000089000000, 0x0000000089000000| Untracked 
| 145|0x0000000089100000, 0x0000000089100000, 0x0000000089200000|  0%| F|  |TAMS 0x0000000089100000, 0x0000000089100000| Untracked 
| 146|0x0000000089200000, 0x0000000089200000, 0x0000000089300000|  0%| F|  |TAMS 0x0000000089200000, 0x0000000089200000| Untracked 
| 147|0x0000000089300000, 0x0000000089300000, 0x0000000089400000|  0%| F|  |TAMS 0x0000000089300000, 0x0000000089300000| Untracked 
| 148|0x0000000089400000, 0x0000000089400000, 0x0000000089500000|  0%| F|  |TAMS 0x0000000089400000, 0x0000000089400000| Untracked 
| 149|0x0000000089500000, 0x0000000089500000, 0x0000000089600000|  0%| F|  |TAMS 0x0000000089500000, 0x0000000089500000| Untracked 
| 150|0x0000000089600000, 0x0000000089600000, 0x0000000089700000|  0%| F|  |TAMS 0x0000000089600000, 0x0000000089600000| Untracked 
| 151|0x0000000089700000, 0x0000000089700000, 0x0000000089800000|  0%| F|  |TAMS 0x0000000089700000, 0x0000000089700000| Untracked 
| 152|0x0000000089800000, 0x0000000089800000, 0x0000000089900000|  0%| F|  |TAMS 0x0000000089800000, 0x0000000089800000| Untracked 
| 153|0x0000000089900000, 0x0000000089900000, 0x0000000089a00000|  0%| F|  |TAMS 0x0000000089900000, 0x0000000089900000| Untracked 
| 154|0x0000000089a00000, 0x0000000089a00000, 0x0000000089b00000|  0%| F|  |TAMS 0x0000000089a00000, 0x0000000089a00000| Untracked 
| 155|0x0000000089b00000, 0x0000000089b00000, 0x0000000089c00000|  0%| F|  |TAMS 0x0000000089b00000, 0x0000000089b00000| Untracked 
| 156|0x0000000089c00000, 0x0000000089c00000, 0x0000000089d00000|  0%| F|  |TAMS 0x0000000089c00000, 0x0000000089c00000| Untracked 
| 157|0x0000000089d00000, 0x0000000089d00000, 0x0000000089e00000|  0%| F|  |TAMS 0x0000000089d00000, 0x0000000089d00000| Untracked 
| 158|0x0000000089e00000, 0x0000000089e00000, 0x0000000089f00000|  0%| F|  |TAMS 0x0000000089e00000, 0x0000000089e00000| Untracked 
| 159|0x0000000089f00000, 0x0000000089f00000, 0x000000008a000000|  0%| F|  |TAMS 0x0000000089f00000, 0x0000000089f00000| Untracked 
| 160|0x000000008a000000, 0x000000008a000000, 0x000000008a100000|  0%| F|  |TAMS 0x000000008a000000, 0x000000008a000000| Untracked 
| 161|0x000000008a100000, 0x000000008a100000, 0x000000008a200000|  0%| F|  |TAMS 0x000000008a100000, 0x000000008a100000| Untracked 
| 162|0x000000008a200000, 0x000000008a200000, 0x000000008a300000|  0%| F|  |TAMS 0x000000008a200000, 0x000000008a200000| Untracked 
| 163|0x000000008a300000, 0x000000008a300000, 0x000000008a400000|  0%| F|  |TAMS 0x000000008a300000, 0x000000008a300000| Untracked 
| 164|0x000000008a400000, 0x000000008a400000, 0x000000008a500000|  0%| F|  |TAMS 0x000000008a400000, 0x000000008a400000| Untracked 
| 165|0x000000008a500000, 0x000000008a500000, 0x000000008a600000|  0%| F|  |TAMS 0x000000008a500000, 0x000000008a500000| Untracked 
| 166|0x000000008a600000, 0x000000008a600000, 0x000000008a700000|  0%| F|  |TAMS 0x000000008a600000, 0x000000008a600000| Untracked 
| 167|0x000000008a700000, 0x000000008a700000, 0x000000008a800000|  0%| F|  |TAMS 0x000000008a700000, 0x000000008a700000| Untracked 
| 168|0x000000008a800000, 0x000000008a800000, 0x000000008a900000|  0%| F|  |TAMS 0x000000008a800000, 0x000000008a800000| Untracked 
| 169|0x000000008a900000, 0x000000008a900000, 0x000000008aa00000|  0%| F|  |TAMS 0x000000008a900000, 0x000000008a900000| Untracked 
| 170|0x000000008aa00000, 0x000000008aa00000, 0x000000008ab00000|  0%| F|  |TAMS 0x000000008aa00000, 0x000000008aa00000| Untracked 
| 171|0x000000008ab00000, 0x000000008ab00000, 0x000000008ac00000|  0%| F|  |TAMS 0x000000008ab00000, 0x000000008ab00000| Untracked 
| 172|0x000000008ac00000, 0x000000008ac00000, 0x000000008ad00000|  0%| F|  |TAMS 0x000000008ac00000, 0x000000008ac00000| Untracked 
| 173|0x000000008ad00000, 0x000000008ad00000, 0x000000008ae00000|  0%| F|  |TAMS 0x000000008ad00000, 0x000000008ad00000| Untracked 
| 174|0x000000008ae00000, 0x000000008ae00000, 0x000000008af00000|  0%| F|  |TAMS 0x000000008ae00000, 0x000000008ae00000| Untracked 
| 175|0x000000008af00000, 0x000000008af00000, 0x000000008b000000|  0%| F|  |TAMS 0x000000008af00000, 0x000000008af00000| Untracked 
| 176|0x000000008b000000, 0x000000008b000000, 0x000000008b100000|  0%| F|  |TAMS 0x000000008b000000, 0x000000008b000000| Untracked 
| 177|0x000000008b100000, 0x000000008b100000, 0x000000008b200000|  0%| F|  |TAMS 0x000000008b100000, 0x000000008b100000| Untracked 
| 178|0x000000008b200000, 0x000000008b200000, 0x000000008b300000|  0%| F|  |TAMS 0x000000008b200000, 0x000000008b200000| Untracked 
| 179|0x000000008b300000, 0x000000008b300000, 0x000000008b400000|  0%| F|  |TAMS 0x000000008b300000, 0x000000008b300000| Untracked 
| 180|0x000000008b400000, 0x000000008b400000, 0x000000008b500000|  0%| F|  |TAMS 0x000000008b400000, 0x000000008b400000| Untracked 
| 181|0x000000008b500000, 0x000000008b500000, 0x000000008b600000|  0%| F|  |TAMS 0x000000008b500000, 0x000000008b500000| Untracked 
| 182|0x000000008b600000, 0x000000008b600000, 0x000000008b700000|  0%| F|  |TAMS 0x000000008b600000, 0x000000008b600000| Untracked 
| 183|0x000000008b700000, 0x000000008b700000, 0x000000008b800000|  0%| F|  |TAMS 0x000000008b700000, 0x000000008b700000| Untracked 
| 184|0x000000008b800000, 0x000000008b800000, 0x000000008b900000|  0%| F|  |TAMS 0x000000008b800000, 0x000000008b800000| Untracked 
| 185|0x000000008b900000, 0x000000008b900000, 0x000000008ba00000|  0%| F|  |TAMS 0x000000008b900000, 0x000000008b900000| Untracked 
| 186|0x000000008ba00000, 0x000000008ba00000, 0x000000008bb00000|  0%| F|  |TAMS 0x000000008ba00000, 0x000000008ba00000| Untracked 
| 187|0x000000008bb00000, 0x000000008bb00000, 0x000000008bc00000|  0%| F|  |TAMS 0x000000008bb00000, 0x000000008bb00000| Untracked 
| 188|0x000000008bc00000, 0x000000008bc00000, 0x000000008bd00000|  0%| F|  |TAMS 0x000000008bc00000, 0x000000008bc00000| Untracked 
| 189|0x000000008bd00000, 0x000000008bd00000, 0x000000008be00000|  0%| F|  |TAMS 0x000000008bd00000, 0x000000008bd00000| Untracked 
| 190|0x000000008be00000, 0x000000008be00000, 0x000000008bf00000|  0%| F|  |TAMS 0x000000008be00000, 0x000000008be00000| Untracked 
| 191|0x000000008bf00000, 0x000000008bf00000, 0x000000008c000000|  0%| F|  |TAMS 0x000000008bf00000, 0x000000008bf00000| Untracked 
| 192|0x000000008c000000, 0x000000008c000000, 0x000000008c100000|  0%| F|  |TAMS 0x000000008c000000, 0x000000008c000000| Untracked 
| 193|0x000000008c100000, 0x000000008c100000, 0x000000008c200000|  0%| F|  |TAMS 0x000000008c100000, 0x000000008c100000| Untracked 
| 194|0x000000008c200000, 0x000000008c200000, 0x000000008c300000|  0%| F|  |TAMS 0x000000008c200000, 0x000000008c200000| Untracked 
| 195|0x000000008c300000, 0x000000008c300000, 0x000000008c400000|  0%| F|  |TAMS 0x000000008c300000, 0x000000008c300000| Untracked 
| 196|0x000000008c400000, 0x000000008c400000, 0x000000008c500000|  0%| F|  |TAMS 0x000000008c400000, 0x000000008c400000| Untracked 
| 197|0x000000008c500000, 0x000000008c500000, 0x000000008c600000|  0%| F|  |TAMS 0x000000008c500000, 0x000000008c500000| Untracked 
| 198|0x000000008c600000, 0x000000008c600000, 0x000000008c700000|  0%| F|  |TAMS 0x000000008c600000, 0x000000008c600000| Untracked 
| 199|0x000000008c700000, 0x000000008c700000, 0x000000008c800000|  0%| F|  |TAMS 0x000000008c700000, 0x000000008c700000| Untracked 
| 200|0x000000008c800000, 0x000000008c800000, 0x000000008c900000|  0%| F|  |TAMS 0x000000008c800000, 0x000000008c800000| Untracked 
| 201|0x000000008c900000, 0x000000008c900000, 0x000000008ca00000|  0%| F|  |TAMS 0x000000008c900000, 0x000000008c900000| Untracked 
| 202|0x000000008ca00000, 0x000000008ca00000, 0x000000008cb00000|  0%| F|  |TAMS 0x000000008ca00000, 0x000000008ca00000| Untracked 
| 203|0x000000008cb00000, 0x000000008cb00000, 0x000000008cc00000|  0%| F|  |TAMS 0x000000008cb00000, 0x000000008cb00000| Untracked 
| 204|0x000000008cc00000, 0x000000008cc00000, 0x000000008cd00000|  0%| F|  |TAMS 0x000000008cc00000, 0x000000008cc00000| Untracked 
| 205|0x000000008cd00000, 0x000000008cd00000, 0x000000008ce00000|  0%| F|  |TAMS 0x000000008cd00000, 0x000000008cd00000| Untracked 
| 206|0x000000008ce00000, 0x000000008ce00000, 0x000000008cf00000|  0%| F|  |TAMS 0x000000008ce00000, 0x000000008ce00000| Untracked 
| 207|0x000000008cf00000, 0x000000008cf00000, 0x000000008d000000|  0%| F|  |TAMS 0x000000008cf00000, 0x000000008cf00000| Untracked 
| 208|0x000000008d000000, 0x000000008d000000, 0x000000008d100000|  0%| F|  |TAMS 0x000000008d000000, 0x000000008d000000| Untracked 
| 209|0x000000008d100000, 0x000000008d100000, 0x000000008d200000|  0%| F|  |TAMS 0x000000008d100000, 0x000000008d100000| Untracked 
| 210|0x000000008d200000, 0x000000008d200000, 0x000000008d300000|  0%| F|  |TAMS 0x000000008d200000, 0x000000008d200000| Untracked 
| 211|0x000000008d300000, 0x000000008d300000, 0x000000008d400000|  0%| F|  |TAMS 0x000000008d300000, 0x000000008d300000| Untracked 
| 212|0x000000008d400000, 0x000000008d400000, 0x000000008d500000|  0%| F|  |TAMS 0x000000008d400000, 0x000000008d400000| Untracked 
| 213|0x000000008d500000, 0x000000008d500000, 0x000000008d600000|  0%| F|  |TAMS 0x000000008d500000, 0x000000008d500000| Untracked 
| 214|0x000000008d600000, 0x000000008d600000, 0x000000008d700000|  0%| F|  |TAMS 0x000000008d600000, 0x000000008d600000| Untracked 
| 215|0x000000008d700000, 0x000000008d700000, 0x000000008d800000|  0%| F|  |TAMS 0x000000008d700000, 0x000000008d700000| Untracked 
| 216|0x000000008d800000, 0x000000008d800000, 0x000000008d900000|  0%| F|  |TAMS 0x000000008d800000, 0x000000008d800000| Untracked 
| 217|0x000000008d900000, 0x000000008d900000, 0x000000008da00000|  0%| F|  |TAMS 0x000000008d900000, 0x000000008d900000| Untracked 
| 218|0x000000008da00000, 0x000000008da00000, 0x000000008db00000|  0%| F|  |TAMS 0x000000008da00000, 0x000000008da00000| Untracked 
| 219|0x000000008db00000, 0x000000008db00000, 0x000000008dc00000|  0%| F|  |TAMS 0x000000008db00000, 0x000000008db00000| Untracked 
| 220|0x000000008dc00000, 0x000000008dc00000, 0x000000008dd00000|  0%| F|  |TAMS 0x000000008dc00000, 0x000000008dc00000| Untracked 
| 221|0x000000008dd00000, 0x000000008dd00000, 0x000000008de00000|  0%| F|  |TAMS 0x000000008dd00000, 0x000000008dd00000| Untracked 
| 222|0x000000008de00000, 0x000000008de00000, 0x000000008df00000|  0%| F|  |TAMS 0x000000008de00000, 0x000000008de00000| Untracked 
| 223|0x000000008df00000, 0x000000008df00000, 0x000000008e000000|  0%| F|  |TAMS 0x000000008df00000, 0x000000008df00000| Untracked 
| 224|0x000000008e000000, 0x000000008e000000, 0x000000008e100000|  0%| F|  |TAMS 0x000000008e000000, 0x000000008e000000| Untracked 
| 225|0x000000008e100000, 0x000000008e100000, 0x000000008e200000|  0%| F|  |TAMS 0x000000008e100000, 0x000000008e100000| Untracked 
| 226|0x000000008e200000, 0x000000008e200000, 0x000000008e300000|  0%| F|  |TAMS 0x000000008e200000, 0x000000008e200000| Untracked 
| 227|0x000000008e300000, 0x000000008e300000, 0x000000008e400000|  0%| F|  |TAMS 0x000000008e300000, 0x000000008e300000| Untracked 
| 228|0x000000008e400000, 0x000000008e400000, 0x000000008e500000|  0%| F|  |TAMS 0x000000008e400000, 0x000000008e400000| Untracked 
| 229|0x000000008e500000, 0x000000008e500000, 0x000000008e600000|  0%| F|  |TAMS 0x000000008e500000, 0x000000008e500000| Untracked 
| 230|0x000000008e600000, 0x000000008e600000, 0x000000008e700000|  0%| F|  |TAMS 0x000000008e600000, 0x000000008e600000| Untracked 
| 231|0x000000008e700000, 0x000000008e700000, 0x000000008e800000|  0%| F|  |TAMS 0x000000008e700000, 0x000000008e700000| Untracked 
| 232|0x000000008e800000, 0x000000008e800000, 0x000000008e900000|  0%| F|  |TAMS 0x000000008e800000, 0x000000008e800000| Untracked 
| 233|0x000000008e900000, 0x000000008e900000, 0x000000008ea00000|  0%| F|  |TAMS 0x000000008e900000, 0x000000008e900000| Untracked 
| 234|0x000000008ea00000, 0x000000008ea00000, 0x000000008eb00000|  0%| F|  |TAMS 0x000000008ea00000, 0x000000008ea00000| Untracked 
| 235|0x000000008eb00000, 0x000000008eb00000, 0x000000008ec00000|  0%| F|  |TAMS 0x000000008eb00000, 0x000000008eb00000| Untracked 
| 236|0x000000008ec00000, 0x000000008ec00000, 0x000000008ed00000|  0%| F|  |TAMS 0x000000008ec00000, 0x000000008ec00000| Untracked 
| 237|0x000000008ed00000, 0x000000008ed00000, 0x000000008ee00000|  0%| F|  |TAMS 0x000000008ed00000, 0x000000008ed00000| Untracked 
| 238|0x000000008ee00000, 0x000000008ee00000, 0x000000008ef00000|  0%| F|  |TAMS 0x000000008ee00000, 0x000000008ee00000| Untracked 
| 239|0x000000008ef00000, 0x000000008ef00000, 0x000000008f000000|  0%| F|  |TAMS 0x000000008ef00000, 0x000000008ef00000| Untracked 
| 240|0x000000008f000000, 0x000000008f000000, 0x000000008f100000|  0%| F|  |TAMS 0x000000008f000000, 0x000000008f000000| Untracked 
| 241|0x000000008f100000, 0x000000008f100000, 0x000000008f200000|  0%| F|  |TAMS 0x000000008f100000, 0x000000008f100000| Untracked 
| 242|0x000000008f200000, 0x000000008f200000, 0x000000008f300000|  0%| F|  |TAMS 0x000000008f200000, 0x000000008f200000| Untracked 
| 243|0x000000008f300000, 0x000000008f300000, 0x000000008f400000|  0%| F|  |TAMS 0x000000008f300000, 0x000000008f300000| Untracked 
| 244|0x000000008f400000, 0x000000008f400000, 0x000000008f500000|  0%| F|  |TAMS 0x000000008f400000, 0x000000008f400000| Untracked 
| 245|0x000000008f500000, 0x000000008f500000, 0x000000008f600000|  0%| F|  |TAMS 0x000000008f500000, 0x000000008f500000| Untracked 
| 246|0x000000008f600000, 0x000000008f600000, 0x000000008f700000|  0%| F|  |TAMS 0x000000008f600000, 0x000000008f600000| Untracked 
| 247|0x000000008f700000, 0x000000008f700000, 0x000000008f800000|  0%| F|  |TAMS 0x000000008f700000, 0x000000008f700000| Untracked 
| 248|0x000000008f800000, 0x000000008f800000, 0x000000008f900000|  0%| F|  |TAMS 0x000000008f800000, 0x000000008f800000| Untracked 
| 249|0x000000008f900000, 0x000000008f900000, 0x000000008fa00000|  0%| F|  |TAMS 0x000000008f900000, 0x000000008f900000| Untracked 
| 250|0x000000008fa00000, 0x000000008fa00000, 0x000000008fb00000|  0%| F|  |TAMS 0x000000008fa00000, 0x000000008fa00000| Untracked 
| 251|0x000000008fb00000, 0x000000008fb00000, 0x000000008fc00000|  0%| F|  |TAMS 0x000000008fb00000, 0x000000008fb00000| Untracked 
| 252|0x000000008fc00000, 0x000000008fc00000, 0x000000008fd00000|  0%| F|  |TAMS 0x000000008fc00000, 0x000000008fc00000| Untracked 
| 253|0x000000008fd00000, 0x000000008fd00000, 0x000000008fe00000|  0%| F|  |TAMS 0x000000008fd00000, 0x000000008fd00000| Untracked 
| 254|0x000000008fe00000, 0x000000008fe00000, 0x000000008ff00000|  0%| F|  |TAMS 0x000000008fe00000, 0x000000008fe00000| Untracked 
| 255|0x000000008ff00000, 0x000000008ff00000, 0x0000000090000000|  0%| F|  |TAMS 0x000000008ff00000, 0x000000008ff00000| Untracked 
| 256|0x0000000090000000, 0x0000000090000000, 0x0000000090100000|  0%| F|  |TAMS 0x0000000090000000, 0x0000000090000000| Untracked 
| 257|0x0000000090100000, 0x0000000090100000, 0x0000000090200000|  0%| F|  |TAMS 0x0000000090100000, 0x0000000090100000| Untracked 
| 258|0x0000000090200000, 0x0000000090200000, 0x0000000090300000|  0%| F|  |TAMS 0x0000000090200000, 0x0000000090200000| Untracked 
| 259|0x0000000090300000, 0x0000000090300000, 0x0000000090400000|  0%| F|  |TAMS 0x0000000090300000, 0x0000000090300000| Untracked 
| 260|0x0000000090400000, 0x0000000090400000, 0x0000000090500000|  0%| F|  |TAMS 0x0000000090400000, 0x0000000090400000| Untracked 
| 261|0x0000000090500000, 0x0000000090500000, 0x0000000090600000|  0%| F|  |TAMS 0x0000000090500000, 0x0000000090500000| Untracked 
| 262|0x0000000090600000, 0x0000000090600000, 0x0000000090700000|  0%| F|  |TAMS 0x0000000090600000, 0x0000000090600000| Untracked 
| 263|0x0000000090700000, 0x0000000090700000, 0x0000000090800000|  0%| F|  |TAMS 0x0000000090700000, 0x0000000090700000| Untracked 
| 264|0x0000000090800000, 0x0000000090800000, 0x0000000090900000|  0%| F|  |TAMS 0x0000000090800000, 0x0000000090800000| Untracked 
| 265|0x0000000090900000, 0x0000000090900000, 0x0000000090a00000|  0%| F|  |TAMS 0x0000000090900000, 0x0000000090900000| Untracked 
| 266|0x0000000090a00000, 0x0000000090a00000, 0x0000000090b00000|  0%| F|  |TAMS 0x0000000090a00000, 0x0000000090a00000| Untracked 
| 267|0x0000000090b00000, 0x0000000090b00000, 0x0000000090c00000|  0%| F|  |TAMS 0x0000000090b00000, 0x0000000090b00000| Untracked 
| 268|0x0000000090c00000, 0x0000000090c00000, 0x0000000090d00000|  0%| F|  |TAMS 0x0000000090c00000, 0x0000000090c00000| Untracked 
| 269|0x0000000090d00000, 0x0000000090d00000, 0x0000000090e00000|  0%| F|  |TAMS 0x0000000090d00000, 0x0000000090d00000| Untracked 
| 270|0x0000000090e00000, 0x0000000090e00000, 0x0000000090f00000|  0%| F|  |TAMS 0x0000000090e00000, 0x0000000090e00000| Untracked 
| 271|0x0000000090f00000, 0x0000000090f00000, 0x0000000091000000|  0%| F|  |TAMS 0x0000000090f00000, 0x0000000090f00000| Untracked 
| 272|0x0000000091000000, 0x0000000091000000, 0x0000000091100000|  0%| F|  |TAMS 0x0000000091000000, 0x0000000091000000| Untracked 
| 273|0x0000000091100000, 0x0000000091100000, 0x0000000091200000|  0%| F|  |TAMS 0x0000000091100000, 0x0000000091100000| Untracked 
| 274|0x0000000091200000, 0x0000000091200000, 0x0000000091300000|  0%| F|  |TAMS 0x0000000091200000, 0x0000000091200000| Untracked 
| 275|0x0000000091300000, 0x0000000091300000, 0x0000000091400000|  0%| F|  |TAMS 0x0000000091300000, 0x0000000091300000| Untracked 
| 276|0x0000000091400000, 0x0000000091400000, 0x0000000091500000|  0%| F|  |TAMS 0x0000000091400000, 0x0000000091400000| Untracked 
| 277|0x0000000091500000, 0x0000000091500000, 0x0000000091600000|  0%| F|  |TAMS 0x0000000091500000, 0x0000000091500000| Untracked 
| 278|0x0000000091600000, 0x0000000091600000, 0x0000000091700000|  0%| F|  |TAMS 0x0000000091600000, 0x0000000091600000| Untracked 
| 279|0x0000000091700000, 0x0000000091700000, 0x0000000091800000|  0%| F|  |TAMS 0x0000000091700000, 0x0000000091700000| Untracked 
| 280|0x0000000091800000, 0x0000000091800000, 0x0000000091900000|  0%| F|  |TAMS 0x0000000091800000, 0x0000000091800000| Untracked 
| 281|0x0000000091900000, 0x0000000091900000, 0x0000000091a00000|  0%| F|  |TAMS 0x0000000091900000, 0x0000000091900000| Untracked 
| 282|0x0000000091a00000, 0x0000000091a00000, 0x0000000091b00000|  0%| F|  |TAMS 0x0000000091a00000, 0x0000000091a00000| Untracked 
| 283|0x0000000091b00000, 0x0000000091b00000, 0x0000000091c00000|  0%| F|  |TAMS 0x0000000091b00000, 0x0000000091b00000| Untracked 
| 284|0x0000000091c00000, 0x0000000091c00000, 0x0000000091d00000|  0%| F|  |TAMS 0x0000000091c00000, 0x0000000091c00000| Untracked 
| 285|0x0000000091d00000, 0x0000000091d00000, 0x0000000091e00000|  0%| F|  |TAMS 0x0000000091d00000, 0x0000000091d00000| Untracked 
| 286|0x0000000091e00000, 0x0000000091e00000, 0x0000000091f00000|  0%| F|  |TAMS 0x0000000091e00000, 0x0000000091e00000| Untracked 
| 287|0x0000000091f00000, 0x0000000091f00000, 0x0000000092000000|  0%| F|  |TAMS 0x0000000091f00000, 0x0000000091f00000| Untracked 
| 288|0x0000000092000000, 0x000000009205c430, 0x0000000092100000| 36%| S|CS|TAMS 0x0000000092000000, 0x0000000092000000| Complete 
| 289|0x0000000092100000, 0x0000000092200000, 0x0000000092200000|100%| S|CS|TAMS 0x0000000092100000, 0x0000000092100000| Complete 
| 290|0x0000000092200000, 0x0000000092200000, 0x0000000092300000|  0%| F|  |TAMS 0x0000000092200000, 0x0000000092200000| Untracked 
| 291|0x0000000092300000, 0x0000000092300000, 0x0000000092400000|  0%| F|  |TAMS 0x0000000092300000, 0x0000000092300000| Untracked 
| 292|0x0000000092400000, 0x0000000092400000, 0x0000000092500000|  0%| F|  |TAMS 0x0000000092400000, 0x0000000092400000| Untracked 
| 293|0x0000000092500000, 0x0000000092500000, 0x0000000092600000|  0%| F|  |TAMS 0x0000000092500000, 0x0000000092500000| Untracked 
| 294|0x0000000092600000, 0x0000000092600000, 0x0000000092700000|  0%| F|  |TAMS 0x0000000092600000, 0x0000000092600000| Untracked 
| 295|0x0000000092700000, 0x0000000092700000, 0x0000000092800000|  0%| F|  |TAMS 0x0000000092700000, 0x0000000092700000| Untracked 
| 296|0x0000000092800000, 0x0000000092800000, 0x0000000092900000|  0%| F|  |TAMS 0x0000000092800000, 0x0000000092800000| Untracked 
| 297|0x0000000092900000, 0x0000000092900000, 0x0000000092a00000|  0%| F|  |TAMS 0x0000000092900000, 0x0000000092900000| Untracked 
| 298|0x0000000092a00000, 0x0000000092a00000, 0x0000000092b00000|  0%| F|  |TAMS 0x0000000092a00000, 0x0000000092a00000| Untracked 
| 299|0x0000000092b00000, 0x0000000092b00000, 0x0000000092c00000|  0%| F|  |TAMS 0x0000000092b00000, 0x0000000092b00000| Untracked 
| 300|0x0000000092c00000, 0x0000000092c00000, 0x0000000092d00000|  0%| F|  |TAMS 0x0000000092c00000, 0x0000000092c00000| Untracked 
| 301|0x0000000092d00000, 0x0000000092d00000, 0x0000000092e00000|  0%| F|  |TAMS 0x0000000092d00000, 0x0000000092d00000| Untracked 
| 302|0x0000000092e00000, 0x0000000092e00000, 0x0000000092f00000|  0%| F|  |TAMS 0x0000000092e00000, 0x0000000092e00000| Untracked 
| 303|0x0000000092f00000, 0x0000000092f00000, 0x0000000093000000|  0%| F|  |TAMS 0x0000000092f00000, 0x0000000092f00000| Untracked 
| 304|0x0000000093000000, 0x0000000093000000, 0x0000000093100000|  0%| F|  |TAMS 0x0000000093000000, 0x0000000093000000| Untracked 

Card table byte_map: [0x0000027e29de0000,0x0000027e2a1e0000] _byte_map_base: 0x0000027e299e0000

Marking Bits (Prev, Next): (CMBitMap*) 0x0000027e17453c10, (CMBitMap*) 0x0000027e17453c50
 Prev Bits: [0x0000027e2a5e0000, 0x0000027e2c5e0000)
 Next Bits: [0x0000027e2c5e0000, 0x0000027e2e5e0000)

Polling page: 0x0000027e15370000

Metaspace:

Usage:
  Non-class:     51.56 MB used.
      Class:      8.09 MB used.
       Both:     59.65 MB used.

Virtual space:
  Non-class space:       64.00 MB reserved,      51.81 MB ( 81%) committed,  1 nodes.
      Class space:      416.00 MB reserved,       8.38 MB (  2%) committed,  1 nodes.
             Both:      480.00 MB reserved,      60.19 MB ( 13%) committed. 

Chunk freelists:
   Non-Class:  11.66 MB
       Class:  7.48 MB
        Both:  19.14 MB

MaxMetaspaceSize: 512.00 MB
CompressedClassSpaceSize: 416.00 MB
Initial GC threshold: 21.00 MB
Current GC threshold: 100.31 MB
CDS: off
MetaspaceReclaimPolicy: balanced
 - commit_granule_bytes: 65536.
 - commit_granule_words: 8192.
 - virtual_space_node_default_size: 8388608.
 - enlarge_chunks_in_place: 1.
 - new_chunks_are_fully_committed: 0.
 - uncommit_free_chunks: 1.
 - use_allocation_guard: 0.
 - handle_deallocations: 1.


Internal statistics:

num_allocs_failed_limit: 6.
num_arena_births: 650.
num_arena_deaths: 8.
num_vsnodes_births: 2.
num_vsnodes_deaths: 0.
num_space_committed: 963.
num_space_uncommitted: 0.
num_chunks_returned_to_freelist: 18.
num_chunks_taken_from_freelist: 2765.
num_chunk_merges: 3.
num_chunk_splits: 1780.
num_chunks_enlarged: 1213.
num_inconsistent_stats: 0.

CodeHeap 'non-profiled nmethods': size=120000Kb used=4932Kb max_used=4932Kb free=115067Kb
 bounds [0x0000027e223a0000, 0x0000027e22880000, 0x0000027e298d0000]
CodeHeap 'profiled nmethods': size=120000Kb used=12698Kb max_used=12698Kb free=107301Kb
 bounds [0x0000027e1a8d0000, 0x0000027e1b540000, 0x0000027e21e00000]
CodeHeap 'non-nmethods': size=5760Kb used=2328Kb max_used=2460Kb free=3431Kb
 bounds [0x0000027e21e00000, 0x0000027e22080000, 0x0000027e223a0000]
 total_blobs=7857 nmethods=7006 adapters=763
 compilation: enabled
              stopped_count=0, restarted_count=0
 full_count=0

Compilation events (20 events):
Event: 110.807 Thread 0x0000027e35140340 8630       2       org.gradle.api.internal.provider.ValueSupplier$Present::get (9 bytes)
Event: 110.807 Thread 0x0000027e35140340 nmethod 8630 0x0000027e1b533490 code [0x0000027e1b533620, 0x0000027e1b533768]
Event: 110.807 Thread 0x0000027e35140340 8631       2       org.gradle.api.internal.provider.ValueSupplier$Present::runSideEffect (21 bytes)
Event: 110.807 Thread 0x0000027e35140340 nmethod 8631 0x0000027e1b533810 code [0x0000027e1b5339a0, 0x0000027e1b533ae8]
Event: 110.808 Thread 0x0000027e35140340 8632       2       com.google.common.io.CountingOutputStream::write (19 bytes)
Event: 110.808 Thread 0x0000027e35140340 nmethod 8632 0x0000027e1b533b90 code [0x0000027e1b533d20, 0x0000027e1b533e68]
Event: 110.808 Thread 0x0000027e35140340 8633       2       org.gradle.cache.internal.btree.ByteOutput::getBytesWritten (8 bytes)
Event: 110.808 Thread 0x0000027e35140340 nmethod 8633 0x0000027e1b533f10 code [0x0000027e1b5340a0, 0x0000027e1b5341b8]
Event: 110.808 Thread 0x0000027e35140340 8634       2       org.gradle.cache.internal.btree.ByteOutput::done (13 bytes)
Event: 110.808 Thread 0x0000027e35140340 nmethod 8634 0x0000027e1b534290 code [0x0000027e1b534440, 0x0000027e1b5345a8]
Event: 110.808 Thread 0x0000027e35140340 8635       2       java.io.FilterOutputStream::flush (8 bytes)
Event: 110.808 Thread 0x0000027e35140340 nmethod 8635 0x0000027e1b534690 code [0x0000027e1b534820, 0x0000027e1b534948]
Event: 110.811 Thread 0x0000027e35140340 8636       2       java.util.LinkedHashMap$LinkedHashIterator::remove (75 bytes)
Event: 110.811 Thread 0x0000027e35140340 nmethod 8636 0x0000027e1b534a10 code [0x0000027e1b534be0, 0x0000027e1b534ee8]
Event: 110.813 Thread 0x0000027e35140340 8637       2       org.gradle.cache.internal.btree.FileBackedBlockStore$BlockImpl::write (150 bytes)
Event: 110.813 Thread 0x0000027e35140340 nmethod 8637 0x0000027e1b535090 code [0x0000027e1b5352e0, 0x0000027e1b535888]
Event: 110.814 Thread 0x0000027e35140340 8638       2       org.gradle.cache.internal.DefaultFileLockManager$DefaultFileLock::readFile (11 bytes)
Event: 110.814 Thread 0x0000027e35140340 nmethod 8638 0x0000027e1b535e10 code [0x0000027e1b535fc0, 0x0000027e1b536118]
Event: 110.814 Thread 0x0000027e35140340 8639       2       org.gradle.internal.watch.registry.impl.AbstractFileWatcherUpdater::virtualFileSystemContentsChanged (20 bytes)
Event: 110.815 Thread 0x0000027e35140340 nmethod 8639 0x0000027e1b536210 code [0x0000027e1b536400, 0x0000027e1b536768]

GC Heap History (20 events):
Event: 98.212 GC heap after
{Heap after GC invocations=41 (full 0):
 garbage-first heap   total 241664K, used 88789K [0x0000000080000000, 0x0000000100000000)
  region size 1024K, 7 young (7168K), 7 survivors (7168K)
 Metaspace       used 60183K, committed 60736K, reserved 491520K
  class space    used 8216K, committed 8512K, reserved 425984K
}
Event: 99.256 GC heap before
{Heap before GC invocations=41 (full 0):
 garbage-first heap   total 241664K, used 208597K [0x0000000080000000, 0x0000000100000000)
  region size 1024K, 124 young (126976K), 7 survivors (7168K)
 Metaspace       used 60186K, committed 60736K, reserved 491520K
  class space    used 8216K, committed 8512K, reserved 425984K
}
Event: 99.261 GC heap after
{Heap after GC invocations=42 (full 0):
 garbage-first heap   total 241664K, used 89917K [0x0000000080000000, 0x0000000100000000)
  region size 1024K, 8 young (8192K), 8 survivors (8192K)
 Metaspace       used 60186K, committed 60736K, reserved 491520K
  class space    used 8216K, committed 8512K, reserved 425984K
}
Event: 106.553 GC heap before
{Heap before GC invocations=42 (full 0):
 garbage-first heap   total 241664K, used 209725K [0x0000000080000000, 0x0000000100000000)
  region size 1024K, 123 young (125952K), 8 survivors (8192K)
 Metaspace       used 60327K, committed 60928K, reserved 491520K
  class space    used 8238K, committed 8512K, reserved 425984K
}
Event: 106.555 GC heap after
{Heap after GC invocations=43 (full 0):
 garbage-first heap   total 241664K, used 85139K [0x0000000080000000, 0x0000000100000000)
  region size 1024K, 3 young (3072K), 3 survivors (3072K)
 Metaspace       used 60327K, committed 60928K, reserved 491520K
  class space    used 8238K, committed 8512K, reserved 425984K
}
Event: 106.893 GC heap before
{Heap before GC invocations=43 (full 0):
 garbage-first heap   total 241664K, used 212115K [0x0000000080000000, 0x0000000100000000)
  region size 1024K, 125 young (128000K), 3 survivors (3072K)
 Metaspace       used 60499K, committed 61056K, reserved 491520K
  class space    used 8249K, committed 8512K, reserved 425984K
}
Event: 106.896 GC heap after
{Heap after GC invocations=44 (full 0):
 garbage-first heap   total 241664K, used 85088K [0x0000000080000000, 0x0000000100000000)
  region size 1024K, 3 young (3072K), 3 survivors (3072K)
 Metaspace       used 60499K, committed 61056K, reserved 491520K
  class space    used 8249K, committed 8512K, reserved 425984K
}
Event: 108.082 GC heap before
{Heap before GC invocations=44 (full 0):
 garbage-first heap   total 241664K, used 212064K [0x0000000080000000, 0x0000000100000000)
  region size 1024K, 125 young (128000K), 3 survivors (3072K)
 Metaspace       used 60771K, committed 61376K, reserved 491520K
  class space    used 8283K, committed 8576K, reserved 425984K
}
Event: 108.089 GC heap after
{Heap after GC invocations=45 (full 0):
 garbage-first heap   total 241664K, used 92422K [0x0000000080000000, 0x0000000100000000)
  region size 1024K, 7 young (7168K), 7 survivors (7168K)
 Metaspace       used 60771K, committed 61376K, reserved 491520K
  class space    used 8283K, committed 8576K, reserved 425984K
}
Event: 109.704 GC heap before
{Heap before GC invocations=45 (full 0):
 garbage-first heap   total 241664K, used 207110K [0x0000000080000000, 0x0000000100000000)
  region size 1024K, 119 young (121856K), 7 survivors (7168K)
 Metaspace       used 60771K, committed 61376K, reserved 491520K
  class space    used 8283K, committed 8576K, reserved 425984K
}
Event: 109.714 GC heap after
{Heap after GC invocations=46 (full 0):
 garbage-first heap   total 241664K, used 98220K [0x0000000080000000, 0x0000000100000000)
  region size 1024K, 13 young (13312K), 13 survivors (13312K)
 Metaspace       used 60771K, committed 61376K, reserved 491520K
  class space    used 8283K, committed 8576K, reserved 425984K
}
Event: 110.189 GC heap before
{Heap before GC invocations=46 (full 0):
 garbage-first heap   total 241664K, used 201644K [0x0000000080000000, 0x0000000100000000)
  region size 1024K, 115 young (117760K), 13 survivors (13312K)
 Metaspace       used 60855K, committed 61440K, reserved 491520K
  class space    used 8285K, committed 8576K, reserved 425984K
}
Event: 110.211 GC heap after
{Heap after GC invocations=47 (full 0):
 garbage-first heap   total 241664K, used 109374K [0x0000000080000000, 0x0000000100000000)
  region size 1024K, 15 young (15360K), 15 survivors (15360K)
 Metaspace       used 60855K, committed 61440K, reserved 491520K
  class space    used 8285K, committed 8576K, reserved 425984K
}
Event: 110.459 GC heap before
{Heap before GC invocations=47 (full 0):
 garbage-first heap   total 241664K, used 194366K [0x0000000080000000, 0x0000000100000000)
  region size 1024K, 99 young (101376K), 15 survivors (15360K)
 Metaspace       used 61003K, committed 61568K, reserved 491520K
  class space    used 8287K, committed 8576K, reserved 425984K
}
Event: 110.487 GC heap after
{Heap after GC invocations=48 (full 0):
 garbage-first heap   total 241664K, used 130048K [0x0000000080000000, 0x0000000100000000)
  region size 1024K, 13 young (13312K), 13 survivors (13312K)
 Metaspace       used 61003K, committed 61568K, reserved 491520K
  class space    used 8287K, committed 8576K, reserved 425984K
}
Event: 110.624 GC heap before
{Heap before GC invocations=48 (full 0):
 garbage-first heap   total 241664K, used 190464K [0x0000000080000000, 0x0000000100000000)
  region size 1024K, 73 young (74752K), 13 survivors (13312K)
 Metaspace       used 61090K, committed 61632K, reserved 491520K
  class space    used 8288K, committed 8576K, reserved 425984K
}
Event: 110.642 GC heap after
{Heap after GC invocations=49 (full 0):
 garbage-first heap   total 241664K, used 140288K [0x0000000080000000, 0x0000000100000000)
  region size 1024K, 9 young (9216K), 9 survivors (9216K)
 Metaspace       used 61090K, committed 61632K, reserved 491520K
  class space    used 8288K, committed 8576K, reserved 425984K
}
Event: 110.787 GC heap before
{Heap before GC invocations=50 (full 0):
 garbage-first heap   total 312320K, used 195584K [0x0000000080000000, 0x0000000100000000)
  region size 1024K, 61 young (62464K), 9 survivors (9216K)
 Metaspace       used 61074K, committed 61632K, reserved 491520K
  class space    used 8282K, committed 8576K, reserved 425984K
}
Event: 110.800 GC heap after
{Heap after GC invocations=51 (full 0):
 garbage-first heap   total 312320K, used 146187K [0x0000000080000000, 0x0000000100000000)
  region size 1024K, 6 young (6144K), 6 survivors (6144K)
 Metaspace       used 61074K, committed 61632K, reserved 491520K
  class space    used 8282K, committed 8576K, reserved 425984K
}
Event: 110.817 GC heap before
{Heap before GC invocations=51 (full 0):
 garbage-first heap   total 312320K, used 155403K [0x0000000080000000, 0x0000000100000000)
  region size 1024K, 15 young (15360K), 6 survivors (6144K)
 Metaspace       used 61083K, committed 61632K, reserved 491520K
  class space    used 8282K, committed 8576K, reserved 425984K
}

Dll operation events (3 events):
Event: 0.021 Loaded shared library C:\Program Files\Android\Android Studio\jbr\bin\java.dll
Event: 0.136 Loaded shared library C:\Program Files\Android\Android Studio\jbr\bin\zip.dll
Event: 0.478 Loaded shared library C:\Program Files\Android\Android Studio\jbr\bin\verify.dll

Deoptimization events (20 events):
Event: 110.420 Thread 0x0000027e35cddb20 Uncommon trap: trap_request=0xffffff45 fr.pc=0x0000027e227867c8 relative=0x0000000000000168
Event: 110.420 Thread 0x0000027e35cddb20 Uncommon trap: reason=unstable_if action=reinterpret pc=0x0000027e227867c8 method=org.gradle.internal.classpath.generated.InterceptorDeclaration_PropertyUpgradesJvmBytecode_LanguageJvm.visitMethodInsn(Lorg/gradle/model/internal/asm/MethodVisitorScope;Ljav
Event: 110.420 Thread 0x0000027e35cddb20 DEOPT PACKING pc=0x0000027e227867c8 sp=0x000000bb0d7f4370
Event: 110.420 Thread 0x0000027e35cddb20 DEOPT UNPACKING pc=0x0000027e21e569a3 sp=0x000000bb0d7f42e8 mode 2
Event: 110.437 Thread 0x0000027e35cddb20 Uncommon trap: trap_request=0xffffff45 fr.pc=0x0000027e227cf0cc relative=0x0000000000009b6c
Event: 110.437 Thread 0x0000027e35cddb20 Uncommon trap: reason=unstable_if action=reinterpret pc=0x0000027e227cf0cc method=org.objectweb.asm.Label.addLineNumber(I)V @ 65 c2
Event: 110.437 Thread 0x0000027e35cddb20 DEOPT PACKING pc=0x0000027e227cf0cc sp=0x000000bb0d7f4470
Event: 110.437 Thread 0x0000027e35cddb20 DEOPT UNPACKING pc=0x0000027e21e569a3 sp=0x000000bb0d7f4398 mode 2
Event: 110.437 Thread 0x0000027e35cddb20 Uncommon trap: trap_request=0xffffff45 fr.pc=0x0000027e2270cdec relative=0x000000000000024c
Event: 110.437 Thread 0x0000027e35cddb20 Uncommon trap: reason=unstable_if action=reinterpret pc=0x0000027e2270cdec method=org.objectweb.asm.Label.addLineNumber(I)V @ 65 c2
Event: 110.437 Thread 0x0000027e35cddb20 DEOPT PACKING pc=0x0000027e2270cdec sp=0x000000bb0d7f43d0
Event: 110.437 Thread 0x0000027e35cddb20 DEOPT UNPACKING pc=0x0000027e21e569a3 sp=0x000000bb0d7f4388 mode 2
Event: 110.551 Thread 0x0000027e35cddb20 DEOPT PACKING pc=0x0000027e1ae8e220 sp=0x000000bb0d7f4960
Event: 110.551 Thread 0x0000027e35cddb20 DEOPT UNPACKING pc=0x0000027e21e57143 sp=0x000000bb0d7f3eb8 mode 0
Event: 110.671 Thread 0x0000027e39712e70 Uncommon trap: trap_request=0xffffff45 fr.pc=0x0000027e22842334 relative=0x0000000000005794
Event: 110.671 Thread 0x0000027e39712e70 Uncommon trap: reason=unstable_if action=reinterpret pc=0x0000027e22842334 method=com.esotericsoftware.kryo.io.Input.readVarInt(Z)I @ 81 c2
Event: 110.671 Thread 0x0000027e39712e70 DEOPT PACKING pc=0x0000027e22842334 sp=0x000000bb0fbfa9f0
Event: 110.671 Thread 0x0000027e39712e70 DEOPT UNPACKING pc=0x0000027e21e569a3 sp=0x000000bb0fbfa8d0 mode 2
Event: 110.767 Thread 0x0000027e39712e70 DEOPT PACKING pc=0x0000027e1af16269 sp=0x000000bb0fbfa810
Event: 110.767 Thread 0x0000027e39712e70 DEOPT UNPACKING pc=0x0000027e21e57143 sp=0x000000bb0fbf9d90 mode 0

Classes unloaded (10 events):
Event: 93.390 Thread 0x0000027e30df9560 Unloading class 0x000000010063c000 '_BuildScript_$_run_closure1'
Event: 93.390 Thread 0x0000027e30df9560 Unloading class 0x0000000100634000 '_BuildScript_'
Event: 93.801 Thread 0x0000027e30df9560 Unloading class 0x00000001006e1968 '_BuildScript_$_run_closure1$_closure2'
Event: 93.801 Thread 0x0000027e30df9560 Unloading class 0x00000001006e1558 '_BuildScript_$_run_closure1'
Event: 93.801 Thread 0x0000027e30df9560 Unloading class 0x00000001006e1000 '_BuildScript_'
Event: 110.727 Thread 0x0000027e30df9560 Unloading class 0x0000000100880968 '_BuildScript_$_run_closure1$_closure2'
Event: 110.727 Thread 0x0000027e30df9560 Unloading class 0x0000000100880558 '_BuildScript_$_run_closure1'
Event: 110.728 Thread 0x0000027e30df9560 Unloading class 0x0000000100880000 '_BuildScript_'
Event: 110.728 Thread 0x0000027e30df9560 Unloading class 0x0000000100838558 '_BuildScript_$_run_closure1'
Event: 110.728 Thread 0x0000027e30df9560 Unloading class 0x0000000100838000 '_BuildScript_'

Classes redefined (0 events):
No events

Internal exceptions (20 events):
Event: 107.134 Thread 0x0000027e36082a60 Exception <a 'sun/nio/fs/WindowsException'{0x000000008b8da458}> (0x000000008b8da458) 
thrown [s\src\hotspot\share\prims\jni.cpp, line 517]
Event: 107.136 Thread 0x0000027e36082a60 Exception <a 'sun/nio/fs/WindowsException'{0x000000008b8e5b68}> (0x000000008b8e5b68) 
thrown [s\src\hotspot\share\prims\jni.cpp, line 517]
Event: 107.141 Thread 0x0000027e36082a60 Exception <a 'sun/nio/fs/WindowsException'{0x000000008b8e7c90}> (0x000000008b8e7c90) 
thrown [s\src\hotspot\share\prims\jni.cpp, line 517]
Event: 107.144 Thread 0x0000027e36082a60 Exception <a 'sun/nio/fs/WindowsException'{0x000000008b8e8b00}> (0x000000008b8e8b00) 
thrown [s\src\hotspot\share\prims\jni.cpp, line 517]
Event: 107.147 Thread 0x0000027e36082a60 Exception <a 'sun/nio/fs/WindowsException'{0x000000008b8e9860}> (0x000000008b8e9860) 
thrown [s\src\hotspot\share\prims\jni.cpp, line 517]
Event: 107.160 Thread 0x0000027e35cddb20 Exception <a 'java/lang/ClassNotFoundException'{0x000000008b744e48}: ijinit_5uj5oa7ov63jpq3rkv6pyrjruBeanInfo> (0x000000008b744e48) 
thrown [s\src\hotspot\share\classfile\systemDictionary.cpp, line 256]
Event: 107.160 Thread 0x0000027e35cddb20 Exception <a 'java/lang/ClassNotFoundException'{0x000000008b74c240}: ijinit_5uj5oa7ov63jpq3rkv6pyrjruCustomizer> (0x000000008b74c240) 
thrown [s\src\hotspot\share\classfile\systemDictionary.cpp, line 256]
Event: 107.169 Thread 0x0000027e35cddb20 Exception <a 'java/lang/ClassNotFoundException'{0x000000008b799ab8}: ijinit_5uj5oa7ov63jpq3rkv6pyrjru$_run_closure1BeanInfo> (0x000000008b799ab8) 
thrown [s\src\hotspot\share\classfile\systemDictionary.cpp, line 256]
Event: 107.170 Thread 0x0000027e35cddb20 Exception <a 'java/lang/ClassNotFoundException'{0x000000008b7a10b0}: ijinit_5uj5oa7ov63jpq3rkv6pyrjru$_run_closure1Customizer> (0x000000008b7a10b0) 
thrown [s\src\hotspot\share\classfile\systemDictionary.cpp, line 256]
Event: 110.272 Thread 0x0000027e38eda8f0 Exception <a 'sun/nio/fs/WindowsException'{0x000000008da0df80}> (0x000000008da0df80) 
thrown [s\src\hotspot\share\prims\jni.cpp, line 517]
Event: 110.354 Thread 0x0000027e38eda420 Exception <a 'sun/nio/fs/WindowsException'{0x000000008d9ec8b0}> (0x000000008d9ec8b0) 
thrown [s\src\hotspot\share\prims\jni.cpp, line 517]
Event: 110.362 Thread 0x0000027e38eda8f0 Exception <a 'sun/nio/fs/WindowsException'{0x000000008c4d6e10}> (0x000000008c4d6e10) 
thrown [s\src\hotspot\share\prims\jni.cpp, line 517]
Event: 110.377 Thread 0x0000027e38edb760 Exception <a 'sun/nio/fs/WindowsException'{0x000000008c8a1f30}> (0x000000008c8a1f30) 
thrown [s\src\hotspot\share\prims\jni.cpp, line 517]
Event: 110.378 Thread 0x0000027e38edec50 Exception <a 'sun/nio/fs/WindowsException'{0x000000008ebc95f0}> (0x000000008ebc95f0) 
thrown [s\src\hotspot\share\prims\jni.cpp, line 517]
Event: 110.413 Thread 0x0000027e35cddb20 Exception <a 'sun/nio/fs/WindowsException'{0x000000008aff7da8}> (0x000000008aff7da8) 
thrown [s\src\hotspot\share\prims\jni.cpp, line 517]
Event: 110.565 Thread 0x0000027e38eda8f0 Exception <a 'sun/nio/fs/WindowsException'{0x000000008c7b8f68}> (0x000000008c7b8f68) 
thrown [s\src\hotspot\share\prims\jni.cpp, line 517]
Event: 110.583 Thread 0x0000027e35cddb20 Exception <a 'sun/nio/fs/WindowsException'{0x000000008cf599b0}> (0x000000008cf599b0) 
thrown [s\src\hotspot\share\prims\jni.cpp, line 517]
Event: 110.706 Thread 0x0000027e38eda8f0 Exception <a 'sun/nio/fs/WindowsException'{0x000000008cee0958}> (0x000000008cee0958) 
thrown [s\src\hotspot\share\prims\jni.cpp, line 517]
Event: 110.762 Thread 0x0000027e39712e70 Exception <a 'sun/nio/fs/WindowsException'{0x000000008be64270}> (0x000000008be64270) 
thrown [s\src\hotspot\share\prims\jni.cpp, line 517]
Event: 110.811 Thread 0x0000027e38edec50 Exception <a 'sun/nio/fs/WindowsException'{0x0000000092ca5198}> (0x0000000092ca5198) 
thrown [s\src\hotspot\share\prims\jni.cpp, line 517]

VM Operations (20 events):
Event: 108.089 Executing VM operation: G1CollectForAllocation done
Event: 109.704 Executing VM operation: G1CollectForAllocation
Event: 109.715 Executing VM operation: G1CollectForAllocation done
Event: 110.189 Executing VM operation: G1CollectForAllocation
Event: 110.216 Executing VM operation: G1CollectForAllocation done
Event: 110.437 Executing VM operation: HandshakeAllThreads
Event: 110.437 Executing VM operation: HandshakeAllThreads done
Event: 110.448 Executing VM operation: ICBufferFull
Event: 110.456 Executing VM operation: ICBufferFull done
Event: 110.459 Executing VM operation: G1CollectForAllocation
Event: 110.491 Executing VM operation: G1CollectForAllocation done
Event: 110.624 Executing VM operation: G1CollectForAllocation
Event: 110.653 Executing VM operation: G1CollectForAllocation done
Event: 110.727 Executing VM operation: G1Concurrent
Event: 110.737 Executing VM operation: G1Concurrent done
Event: 110.776 Executing VM operation: G1Concurrent
Event: 110.777 Executing VM operation: G1Concurrent done
Event: 110.787 Executing VM operation: G1CollectForAllocation
Event: 110.801 Executing VM operation: G1CollectForAllocation done
Event: 110.817 Executing VM operation: G1CollectForAllocation

Events (20 events):
Event: 110.041 Thread 0x0000027e38edec50 Thread added: 0x0000027e38edec50
Event: 110.041 Thread 0x0000027e38edb760 Thread added: 0x0000027e38edb760
Event: 110.042 Thread 0x0000027e38eda8f0 Thread added: 0x0000027e38eda8f0
Event: 110.042 Thread 0x0000027e39712e70 Thread added: 0x0000027e39712e70
Event: 110.067 Thread 0x0000027e386678f0 Thread added: 0x0000027e386678f0
Event: 110.457 Thread 0x0000027e351413e0 flushing nmethod 0x0000027e1b313910
Event: 110.457 Thread 0x0000027e351413e0 flushing nmethod 0x0000027e1b314310
Event: 110.457 Thread 0x0000027e351413e0 flushing nmethod 0x0000027e1b316390
Event: 110.457 Thread 0x0000027e351413e0 flushing nmethod 0x0000027e1b316c10
Event: 110.458 Thread 0x0000027e351413e0 flushing nmethod 0x0000027e1b344e10
Event: 110.458 Thread 0x0000027e351413e0 flushing nmethod 0x0000027e1b345290
Event: 110.458 Thread 0x0000027e351413e0 flushing nmethod 0x0000027e1b345690
Event: 110.458 Thread 0x0000027e351413e0 flushing nmethod 0x0000027e1b345e90
Event: 110.458 Thread 0x0000027e351413e0 flushing nmethod 0x0000027e1b346610
Event: 110.458 Thread 0x0000027e351413e0 flushing nmethod 0x0000027e1b346e90
Event: 110.458 Thread 0x0000027e351413e0 flushing nmethod 0x0000027e1b352a10
Event: 110.458 Thread 0x0000027e351413e0 flushing nmethod 0x0000027e1b353390
Event: 110.458 Thread 0x0000027e351413e0 flushing nmethod 0x0000027e1b360010
Event: 110.458 Thread 0x0000027e351413e0 flushing nmethod 0x0000027e1b364e90
Event: 110.458 Thread 0x0000027e351413e0 flushing nmethod 0x0000027e1b418a10


Dynamic libraries:
0x00007ff6b7840000 - 0x00007ff6b784a000 	C:\Program Files\Android\Android Studio\jbr\bin\java.exe
0x00007fff97d90000 - 0x00007fff97f88000 	C:\Windows\SYSTEM32\ntdll.dll
0x00007fff97740000 - 0x00007fff97802000 	C:\Windows\System32\KERNEL32.DLL
0x00007fff954f0000 - 0x00007fff957ef000 	C:\Windows\System32\KERNELBASE.dll
0x00007fff95be0000 - 0x00007fff95ce0000 	C:\Windows\System32\ucrtbase.dll
0x00007fff84a80000 - 0x00007fff84a97000 	C:\Program Files\Android\Android Studio\jbr\bin\jli.dll
0x00007fff7e7d0000 - 0x00007fff7e7eb000 	C:\Program Files\Android\Android Studio\jbr\bin\VCRUNTIME140.dll
0x00007fff97b50000 - 0x00007fff97ced000 	C:\Windows\System32\USER32.dll
0x00007fff95ce0000 - 0x00007fff95d02000 	C:\Windows\System32\win32u.dll
0x00007fff978c0000 - 0x00007fff978eb000 	C:\Windows\System32\GDI32.dll
0x00007fff8c250000 - 0x00007fff8c4ea000 	C:\Windows\WinSxS\amd64_microsoft.windows.common-controls_6595b64144ccf1df_6.0.19041.4355_none_60b8b9eb71f62e16\COMCTL32.dll
0x00007fff95960000 - 0x00007fff95a7a000 	C:\Windows\System32\gdi32full.dll
0x00007fff97820000 - 0x00007fff978be000 	C:\Windows\System32\msvcrt.dll
0x00007fff95d10000 - 0x00007fff95dad000 	C:\Windows\System32\msvcp_win.dll
0x00007fff963e0000 - 0x00007fff9640f000 	C:\Windows\System32\IMM32.DLL
0x00007fff8c770000 - 0x00007fff8c77c000 	C:\Program Files\Android\Android Studio\jbr\bin\vcruntime140_1.dll
0x00007fff5b340000 - 0x00007fff5b3cd000 	C:\Program Files\Android\Android Studio\jbr\bin\msvcp140.dll
0x00007fff128a0000 - 0x00007fff13520000 	C:\Program Files\Android\Android Studio\jbr\bin\server\jvm.dll
0x00007fff95f20000 - 0x00007fff95fcf000 	C:\Windows\System32\ADVAPI32.dll
0x00007fff95db0000 - 0x00007fff95e4f000 	C:\Windows\System32\sechost.dll
0x00007fff96f40000 - 0x00007fff97063000 	C:\Windows\System32\RPCRT4.dll
0x00007fff954c0000 - 0x00007fff954e7000 	C:\Windows\System32\bcrypt.dll
0x00007fff80b10000 - 0x00007fff80b19000 	C:\Windows\SYSTEM32\WSOCK32.dll
0x00007fff84a50000 - 0x00007fff84a77000 	C:\Windows\SYSTEM32\WINMM.dll
0x00007fff906e0000 - 0x00007fff906ea000 	C:\Windows\SYSTEM32\VERSION.dll
0x00007fff97570000 - 0x00007fff975db000 	C:\Windows\System32\WS2_32.dll
0x00007fff931b0000 - 0x00007fff931c2000 	C:\Windows\SYSTEM32\kernel.appcore.dll
0x00007fff8e340000 - 0x00007fff8e34a000 	C:\Program Files\Android\Android Studio\jbr\bin\jimage.dll
0x00007fff80c60000 - 0x00007fff80e44000 	C:\Windows\SYSTEM32\DBGHELP.DLL
0x00007fff7b5b0000 - 0x00007fff7b5e4000 	C:\Windows\SYSTEM32\dbgcore.DLL
0x00007fff95430000 - 0x00007fff954b2000 	C:\Windows\System32\bcryptPrimitives.dll
0x00007fff8be90000 - 0x00007fff8be9e000 	C:\Program Files\Android\Android Studio\jbr\bin\instrument.dll
0x00007fff8d760000 - 0x00007fff8d785000 	C:\Program Files\Android\Android Studio\jbr\bin\java.dll
0x00007fff8e320000 - 0x00007fff8e338000 	C:\Program Files\Android\Android Studio\jbr\bin\zip.dll
0x00007fff96770000 - 0x00007fff96edd000 	C:\Windows\System32\SHELL32.dll
0x00007fff93490000 - 0x00007fff93c34000 	C:\Windows\SYSTEM32\windows.storage.dll
0x00007fff96410000 - 0x00007fff96765000 	C:\Windows\System32\combase.dll
0x00007fff94d90000 - 0x00007fff94dbb000 	C:\Windows\SYSTEM32\Wldp.dll
0x00007fff95e50000 - 0x00007fff95f1d000 	C:\Windows\System32\OLEAUT32.dll
0x00007fff975e0000 - 0x00007fff9768d000 	C:\Windows\System32\SHCORE.dll
0x00007fff96ee0000 - 0x00007fff96f35000 	C:\Windows\System32\shlwapi.dll
0x00007fff95360000 - 0x00007fff95385000 	C:\Windows\SYSTEM32\profapi.dll
0x00007fff8c7c0000 - 0x00007fff8c7d9000 	C:\Program Files\Android\Android Studio\jbr\bin\net.dll
0x00007fff8ed30000 - 0x00007fff8ee3a000 	C:\Windows\SYSTEM32\WINHTTP.dll
0x00007fff94af0000 - 0x00007fff94b5c000 	C:\Windows\system32\mswsock.dll
0x00007fff8c4f0000 - 0x00007fff8c506000 	C:\Program Files\Android\Android Studio\jbr\bin\nio.dll
0x00007fff8dce0000 - 0x00007fff8dcf0000 	C:\Program Files\Android\Android Studio\jbr\bin\verify.dll
0x00007fff71210000 - 0x00007fff71237000 	C:\Users\Admin\.gradle\native\1def1411415f61bf3af743bc5b6707747c0891f09f0c88961ee8f79bc544acac\windows-amd64\native-platform.dll
0x00000000518b0000 - 0x0000000051923000 	C:\Users\Admin\.gradle\native\0.2.5\x86_64-windows-gnu\gradle-fileevents.dll
0x00007fff8d7a0000 - 0x00007fff8d7a9000 	C:\Program Files\Android\Android Studio\jbr\bin\management.dll
0x00007fff8c6f0000 - 0x00007fff8c6fb000 	C:\Program Files\Android\Android Studio\jbr\bin\management_ext.dll
0x00007fff97810000 - 0x00007fff97818000 	C:\Windows\System32\PSAPI.DLL
0x00007fff94ce0000 - 0x00007fff94cf8000 	C:\Windows\SYSTEM32\CRYPTSP.dll
0x00007fff94410000 - 0x00007fff94448000 	C:\Windows\system32\rsaenh.dll
0x00007fff95320000 - 0x00007fff9534e000 	C:\Windows\SYSTEM32\USERENV.dll
0x00007fff94d00000 - 0x00007fff94d0c000 	C:\Windows\SYSTEM32\CRYPTBASE.dll
0x00007fff947d0000 - 0x00007fff9480b000 	C:\Windows\SYSTEM32\IPHLPAPI.DLL
0x00007fff962c0000 - 0x00007fff962c8000 	C:\Windows\System32\NSI.dll
0x00007fff8f730000 - 0x00007fff8f747000 	C:\Windows\SYSTEM32\dhcpcsvc6.DLL
0x00007fff8f620000 - 0x00007fff8f63d000 	C:\Windows\SYSTEM32\dhcpcsvc.DLL
0x00007fff94810000 - 0x00007fff948da000 	C:\Windows\SYSTEM32\DNSAPI.dll
0x00007fff7a410000 - 0x00007fff7a417000 	C:\Windows\system32\wshunix.dll
0x00000000517b0000 - 0x0000000051823000 	C:\Users\Admin\AppData\Local\Temp\native-platform13811536682817764817dir\gradle-fileevents.dll
0x00007fff94660000 - 0x00007fff94693000 	C:\Windows\SYSTEM32\ntmarta.dll

dbghelp: loaded successfully - version: 4.0.5 - missing functions: none
symbol engine: initialized successfully - sym options: 0x614 - pdb path: .;C:\Program Files\Android\Android Studio\jbr\bin;C:\Windows\SYSTEM32;C:\Windows\WinSxS\amd64_microsoft.windows.common-controls_6595b64144ccf1df_6.0.19041.4355_none_60b8b9eb71f62e16;C:\Program Files\Android\Android Studio\jbr\bin\server;C:\Users\Admin\.gradle\native\1def1411415f61bf3af743bc5b6707747c0891f09f0c88961ee8f79bc544acac\windows-amd64;C:\Users\Admin\.gradle\native\0.2.5\x86_64-windows-gnu;C:\Users\Admin\AppData\Local\Temp\native-platform13811536682817764817dir

VM Arguments:
jvm_args: --add-opens=java.base/java.lang=ALL-UNNAMED --add-opens=java.base/java.lang.invoke=ALL-UNNAMED --add-opens=java.base/java.util=ALL-UNNAMED --add-opens=java.prefs/java.util.prefs=ALL-UNNAMED --add-exports=jdk.compiler/com.sun.tools.javac.api=ALL-UNNAMED --add-exports=jdk.compiler/com.sun.tools.javac.util=ALL-UNNAMED --add-opens=java.base/java.util=ALL-UNNAMED --add-opens=java.prefs/java.util.prefs=ALL-UNNAMED --add-opens=java.base/java.nio.charset=ALL-UNNAMED --add-opens=java.base/java.net=ALL-UNNAMED --add-opens=java.base/java.util.concurrent.atomic=ALL-UNNAMED --add-opens=java.xml/javax.xml.namespace=ALL-UNNAMED -XX:MaxMetaspaceSize=512m -Xmx2048m -Dfile.encoding=windows-1252 -Duser.country=US -Duser.language=en -Duser.variant -javaagent:C:\Users\Admin\.gradle\wrapper\dists\gradle-8.12-all\ejduaidbjup3bmmkhw3rie4zb\gradle-8.12\lib\agents\gradle-instrumentation-agent-8.12.jar 
java_command: org.gradle.launcher.daemon.bootstrap.GradleDaemon 8.12
java_class_path (initial): C:\Users\Admin\.gradle\wrapper\dists\gradle-8.12-all\ejduaidbjup3bmmkhw3rie4zb\gradle-8.12\lib\gradle-daemon-main-8.12.jar
Launcher Type: SUN_STANDARD

[Global flags]
     intx CICompilerCount                          = 3                                         {product} {ergonomic}
   size_t CompressedClassSpaceSize                 = 436207616                                 {product} {ergonomic}
     uint ConcGCThreads                            = 2                                         {product} {ergonomic}
     uint G1ConcRefinementThreads                  = 6                                         {product} {ergonomic}
   size_t G1HeapRegionSize                         = 1048576                                   {product} {ergonomic}
    uintx GCDrainStackTargetSize                   = 64                                        {product} {ergonomic}
   size_t InitialHeapSize                          = 132120576                                 {product} {ergonomic}
   size_t MarkStackSize                            = 4194304                                   {product} {ergonomic}
   size_t MaxHeapSize                              = 2147483648                                {product} {command line}
   size_t MaxMetaspaceSize                         = 536870912                                 {product} {command line}
   size_t MaxNewSize                               = 1287651328                                {product} {ergonomic}
   size_t MinHeapDeltaBytes                        = 1048576                                   {product} {ergonomic}
   size_t MinHeapSize                              = 8388608                                   {product} {ergonomic}
    uintx NonNMethodCodeHeapSize                   = 5832780                                {pd product} {ergonomic}
    uintx NonProfiledCodeHeapSize                  = 122912730                              {pd product} {ergonomic}
    uintx ProfiledCodeHeapSize                     = 122912730                              {pd product} {ergonomic}
    uintx ReservedCodeCacheSize                    = 251658240                              {pd product} {ergonomic}
     bool SegmentedCodeCache                       = true                                      {product} {ergonomic}
   size_t SoftMaxHeapSize                          = 2147483648                             {manageable} {ergonomic}
     bool UseCompressedClassPointers               = true                           {product lp64_product} {ergonomic}
     bool UseCompressedOops                        = true                           {product lp64_product} {ergonomic}
     bool UseG1GC                                  = true                                      {product} {ergonomic}
     bool UseLargePagesIndividualAllocation        = false                                  {pd product} {ergonomic}

Logging:
Log output configuration:
 #0: stdout all=warning uptime,level,tags
 #1: stderr all=off uptime,level,tags

Environment Variables:
JAVA_HOME=C:\Program Files\Java\jdk-17
PATH=C:\Program Files\Common Files\Oracle\Java\javapath;C:\Python312\Scripts\;C:\Python312\;C:\Windows\system32;C:\Windows;C:\Windows\System32\Wbem;C:\Windows\System32\WindowsPowerShell\v1.0\;C:\Windows\System32\OpenSSH\;C:\ProgramData\chocolatey\bin;C:\Program Files\Git\cmd;C:\Program Files\Java\jdk-17\bin;C:\Users\Admin\AppData\Local\Android\Sdk\platform-tools;C:\Users\Admin\AppData\Local\Android\Sdk\build-tools\34.0.0;C:\Program Files\Amazon\AWSCLIV2\;C:\Users\Admin\AppData\Roaming\nvm;C:\Program Files\nodejs;F:\xampp\php;C:\composer;C:\Users\Admin\AppData\Local\Microsoft\WindowsApps;C:\Users\Admin\AppData\Local\Programs\Microsoft VS Code\bin;C:\Users\Admin\AppData\Roaming\npm;C:\Program Files\Java\jdk-17\bin;C:\Users\Admin\AppData\Local\Android\Sdk\platform-tools;C:\Users\Admin\AppData\Local\Android\Sdk\build-tools\34.0.0;C:\Users\Admin\AppData\Roaming\nvm;C:\Program Files\nodejs;C:\Users\Admin\composer;C:\Users\Admin\AppData\Roaming\Composer\vendor\bin
USERNAME=Admin
OS=Windows_NT
PROCESSOR_IDENTIFIER=Intel64 Family 6 Model 158 Stepping 10, GenuineIntel
TMP=C:\Users\Admin\AppData\Local\Temp
TEMP=C:\Users\Admin\AppData\Local\Temp


JNI global refs:
JNI global refs: 30, weak refs: 19

JNI global refs memory usage: 843, weak refs: 841

OOME stack traces (most recent first):
Classloader memory used:
Loader org.gradle.internal.classloader.VisitableURLClassLoader                         : 4162K
Loader bootstrap                                                                       : 2486K
Loader org.gradle.initialization.MixInLegacyTypesClassLoader                           : 806K
Loader jdk.internal.loader.ClassLoaders$PlatformClassLoader                            : 65456B
Loader org.gradle.internal.classloader.VisitableURLClassLoader                         : 50859B
Loader jdk.internal.reflect.DelegatingClassLoader                                      : 29182B
Loader jdk.internal.loader.ClassLoaders$AppClassLoader                                 : 28815B
Loader org.gradle.groovy.scripts.internal.DefaultScriptCompilationHandler$ScriptClassLoader: 8584B
Loader org.codehaus.groovy.runtime.callsite.CallSiteClassLoader                        : 876B

Classes loaded by more than one classloader:
Class org.gradle.api.GradleException                                                  : loaded 3 times (x 80B)
Class org.gradle.util.GradleVersion                                                   : loaded 2 times (x 81B)
Class sync_studio_tooling1_640xrusbbbgijsy82klg2g3bb                                  : loaded 2 times (x 177B)
Class org.gradle.internal.classpath.ClassPath                                         : loaded 2 times (x 68B)
Class org.gradle.api.internal.classpath.DefaultModuleRegistry                         : loaded 2 times (x 84B)
Class sync_studio_tooling1_640xrusbbbgijsy82klg2g3bb$_run_closure1                    : loaded 2 times (x 137B)
Class org.gradle.api.Action                                                           : loaded 2 times (x 68B)
Class org.gradle.api.internal.DefaultClassPathProvider                                : loaded 2 times (x 74B)
Class org.gradle.internal.installation.GradleInstallation$1                           : loaded 2 times (x 73B)
Class org.gradle.internal.exceptions.DefaultMultiCauseException                       : loaded 2 times (x 85B)
Class org.gradle.internal.time.MonotonicClock                                         : loaded 2 times (x 75B)
Class org.gradle.internal.classloader.FilteringClassLoader                            : loaded 2 times (x 102B)
Class org.gradle.internal.classpath.DefaultClassPath$ImmutableUniqueList$Builder      : loaded 2 times (x 73B)
Class org.gradle.internal.classloader.ClassLoaderVisitor                              : loaded 2 times (x 74B)
Class org.gradle.internal.time.DefaultCountdownTimer                                  : loaded 2 times (x 86B)
Class org.gradle.internal.service.DefaultServiceLocator                               : loaded 2 times (x 81B)
Class org.gradle.internal.service.UnknownServiceException                             : loaded 2 times (x 81B)
Class org.gradle.internal.classloader.DefaultClassLoaderFactory                       : loaded 2 times (x 80B)
Class org.gradle.internal.classloader.VisitableURLClassLoader$Spec                    : loaded 2 times (x 72B)
Class org.gradle.tooling.model.ProjectModel                                           : loaded 2 times (x 68B)
Class org.gradle.internal.installation.GradleInstallation                             : loaded 2 times (x 73B)
Class org.gradle.api.internal.classpath.ModuleRegistry                                : loaded 2 times (x 68B)
Class kotlin.jvm.internal.markers.KMappedMarker                                       : loaded 2 times (x 68B)
Class org.gradle.api.internal.ClassPathProvider                                       : loaded 2 times (x 68B)
Class org.gradle.internal.classloader.ClasspathUtil$1                                 : loaded 2 times (x 74B)
Class org.gradle.internal.classloader.ClassLoaderFactory                              : loaded 2 times (x 68B)
Class org.gradle.api.internal.classpath.ManifestUtil                                  : loaded 2 times (x 69B)
Class org.gradle.api.specs.Spec                                                       : loaded 2 times (x 68B)
Class org.gradle.internal.IoActions                                                   : loaded 2 times (x 69B)
Class org.gradle.api.internal.classpath.EffectiveClassPath                            : loaded 2 times (x 88B)
Class org.gradle.internal.installation.CurrentGradleInstallation                      : loaded 2 times (x 71B)
Class org.gradle.internal.installation.CurrentGradleInstallationLocator               : loaded 2 times (x 69B)
Class org.gradle.api.internal.classpath.Module                                        : loaded 2 times (x 68B)
Class org.gradle.internal.service.CachingServiceLocator                               : loaded 2 times (x 80B)
Class org.gradle.internal.time.Timer                                                  : loaded 2 times (x 68B)
Class org.gradle.internal.classpath.DefaultClassPath                                  : loaded 2 times (x 88B)
Class kotlin.jvm.functions.Function1                                                  : loaded 2 times (x 68B)
Class org.gradle.internal.time.Time                                                   : loaded 2 times (x 69B)
Class org.gradle.internal.time.TimeSource$1                                           : loaded 2 times (x 75B)
Class org.gradle.internal.classloader.SystemClassLoaderSpec                           : loaded 2 times (x 69B)
Class kotlin.Function                                                                 : loaded 2 times (x 68B)
Class org.gradle.api.UncheckedIOException                                             : loaded 2 times (x 80B)
Class org.gradle.api.internal.classpath.GlobalCacheRootsProvider                      : loaded 2 times (x 68B)
Class org.gradle.internal.time.CountdownTimer                                         : loaded 2 times (x 68B)
Class org.gradle.internal.time.Clock                                                  : loaded 2 times (x 68B)
Class org.gradle.internal.classloader.ClasspathUtil                                   : loaded 2 times (x 69B)
Class org.gradle.api.internal.DefaultClassPathRegistry                                : loaded 2 times (x 74B)
Class org.gradle.api.internal.classpath.DefaultModuleRegistry$DefaultModule           : loaded 2 times (x 84B)
Class org.gradle.internal.time.TimeSource                                             : loaded 2 times (x 68B)
Class org.gradle.api.internal.classpath.UnknownModuleException                        : loaded 2 times (x 80B)
Class org.gradle.internal.service.ServiceLookupException                              : loaded 2 times (x 80B)
Class [Lorg.gradle.api.internal.ClassPathProvider;                                    : loaded 2 times (x 67B)
Class org.gradle.internal.operations.MultipleBuildOperationFailures                   : loaded 2 times (x 85B)
Class org.gradle.util.internal.GUtil                                                  : loaded 2 times (x 69B)
Class org.gradle.internal.classloader.ClassLoaderSpec                                 : loaded 2 times (x 69B)
Class org.gradle.internal.classloader.InstrumentingClassLoader                        : loaded 2 times (x 68B)
Class org.gradle.internal.classloader.VisitableURLClassLoader                         : loaded 2 times (x 114B)
Class org.gradle.internal.Cast                                                        : loaded 2 times (x 69B)
Class org.gradle.api.internal.ClassPathRegistry                                       : loaded 2 times (x 68B)
Class org.gradle.internal.classloader.VisitableURLClassLoader$InstrumentingVisitableURLClassLoader: loaded 2 times (x 120B)
Class org.gradle.internal.classloader.ClassLoaderHierarchy                            : loaded 2 times (x 68B)
Class org.gradle.internal.exceptions.MultiCauseException                              : loaded 2 times (x 68B)
Class org.gradle.internal.InternalTransformer                                         : loaded 2 times (x 68B)
Class org.gradle.internal.service.ServiceLocator                                      : loaded 2 times (x 68B)
Class org.gradle.internal.classpath.DefaultClassPath$ImmutableUniqueList              : loaded 2 times (x 159B)
Class org.gradle.internal.time.DefaultTimer                                           : loaded 2 times (x 78B)
Class org.gradle.internal.classpath.TransformedClassPath                              : loaded 2 times (x 94B)


---------------  S Y S T E M  ---------------

OS:
 Windows 10 , 64 bit Build 19041 (10.0.19041.5438)
OS uptime: 1 days 3:08 hours

CPU: total 6 (initial active 6) (6 cores per cpu, 1 threads per core) family 6 model 158 stepping 10 microcode 0xb4, cx8, cmov, fxsr, mmx, 3dnowpref, sse, sse2, sse3, ssse3, sse4.1, sse4.2, popcnt, lzcnt, tsc, tscinvbit, avx, avx2, aes, erms, clmul, bmi1, bmi2, adx, fma, vzeroupper, clflush, clflushopt

Memory: 4k page, system-wide physical 8054M (442M free)
TotalPageFile size 20342M (AvailPageFile size 350M)
current process WorkingSet (physical memory assigned to process): 418M, peak: 418M
current process commit charge ("private bytes"): 540M, peak: 907M

vm_info: OpenJDK 64-Bit Server VM (17.0.7+0-b2043.56-10550314) for windows-amd64 JRE (17.0.7+0-b2043.56-10550314), built on Jul 24 2023 18:27:45 by "androidbuild" with MS VC++ 16.10 / 16.11 (VS2019)

END.
